#! /c/iverilog/bin/vvp
:ivl_version "12.0 (devel)" "(s20150603-965-g55e06db6)";
:ivl_delay_selection "TYPICAL";
:vpi_time_precision - 12;
:vpi_module "C:\iverilog\lib\ivl\system.vpi";
:vpi_module "C:\iverilog\lib\ivl\vhdl_sys.vpi";
:vpi_module "C:\iverilog\lib\ivl\vhdl_textio.vpi";
:vpi_module "C:\iverilog\lib\ivl\v2005_math.vpi";
:vpi_module "C:\iverilog\lib\ivl\va_math.vpi";
S_000000000095ebd0 .scope module, "router_top_tb" "router_top_tb" 2 3;
 .timescale -9 -12;
P_0000000000938d90 .param/l "cycle" 0 2 10, +C4<00000000000000000000000000001010>;
v000000000118f340_0 .net "busy", 0 0, L_00000000011da770;  1 drivers
v000000000118ff20_0 .var "clk", 0 0;
v000000000118fd40_0 .var "data_in", 7 0;
v000000000118f160_0 .net "data_out_0", 7 0, v00000000009158f0_0;  1 drivers
v000000000118fde0_0 .net "data_out_1", 7 0, v000000000092beb0_0;  1 drivers
v000000000118fe80_0 .net "data_out_2", 7 0, v00000000011853c0_0;  1 drivers
v000000000118ffc0_0 .net "err", 0 0, v0000000001189de0_0;  1 drivers
v0000000001190060_0 .var/i "i", 31 0;
v000000000118eee0_0 .var "packet_valid", 0 0;
v000000000118f8e0_0 .var "read_enb_0", 0 0;
v0000000001190380_0 .var "read_enb_1", 0 0;
v0000000001190240_0 .var "read_enb_2", 0 0;
v000000000118f700_0 .var "resetn", 0 0;
v00000000011902e0_0 .net "vld_out_0", 0 0, L_000000000092fd70;  1 drivers
v000000000118f480_0 .net "vld_out_1", 0 0, L_000000000092f670;  1 drivers
v000000000118f660_0 .net "vld_out_2", 0 0, L_000000000092ffa0;  1 drivers
S_000000000095ed60 .scope module, "DUT" "router_top" 2 11, 3 5 0, S_000000000095ebd0;
 .timescale 0 0;
    .port_info 0 /INPUT 1 "clock";
    .port_info 1 /INPUT 1 "resetn";
    .port_info 2 /INPUT 1 "pkt_valid";
    .port_info 3 /INPUT 1 "read_enb_0";
    .port_info 4 /INPUT 1 "read_enb_1";
    .port_info 5 /INPUT 1 "read_enb_2";
    .port_info 6 /INPUT 8 "data_in";
    .port_info 7 /OUTPUT 1 "busy";
    .port_info 8 /OUTPUT 1 "err";
    .port_info 9 /OUTPUT 1 "vld_out_0";
    .port_info 10 /OUTPUT 1 "vld_out_1";
    .port_info 11 /OUTPUT 1 "vld_out_2";
    .port_info 12 /OUTPUT 8 "data_out_0";
    .port_info 13 /OUTPUT 8 "data_out_1";
    .port_info 14 /OUTPUT 8 "data_out_2";
v000000000118ca40_0 .net "busy", 0 0, L_00000000011da770;  alias, 1 drivers
v000000000118b500_0 .net "clock", 0 0, v000000000118ff20_0;  1 drivers
v000000000118c860_0 .net "d_in", 7 0, v0000000001188080_0;  1 drivers
v000000000118cea0_0 .net "data_in", 7 0, v000000000118fd40_0;  1 drivers
v000000000118ce00_0 .net "data_out_0", 7 0, v00000000009158f0_0;  alias, 1 drivers
v000000000118c540_0 .net "data_out_1", 7 0, v000000000092beb0_0;  alias, 1 drivers
v000000000118c900_0 .net "data_out_2", 7 0, v00000000011853c0_0;  alias, 1 drivers
v000000000118cf40_0 .net "detect_add", 0 0, L_00000000011d9550;  1 drivers
v000000000118b640_0 .net "empty_0", 0 0, L_000000000118f7a0;  1 drivers
v000000000118b320_0 .net "empty_1", 0 0, L_000000000118fca0;  1 drivers
v000000000118b0a0_0 .net "empty_2", 0 0, L_000000000118eda0;  1 drivers
v000000000118b3c0_0 .net "err", 0 0, v0000000001189de0_0;  alias, 1 drivers
v000000000118c9a0_0 .net "fifo_full", 0 0, v0000000001189ac0_0;  1 drivers
v000000000118c040_0 .net "full_0", 0 0, L_000000000118fb60;  1 drivers
v000000000118cae0_0 .net "full_1", 0 0, L_00000000011904c0;  1 drivers
v000000000118b820_0 .net "full_2", 0 0, L_000000000118eb20;  1 drivers
v000000000118bf00_0 .net "full_state", 0 0, L_00000000011dadb0;  1 drivers
v000000000118ba00_0 .net "laf_state", 0 0, L_00000000011d9370;  1 drivers
v000000000118b140_0 .net "ld_state", 0 0, L_00000000011db0d0;  1 drivers
v000000000118cb80_0 .net "lfd_state", 0 0, L_00000000011da9f0;  1 drivers
v000000000118c360_0 .net "low_packet_valid", 0 0, v00000000011889e0_0;  1 drivers
v000000000118b1e0_0 .net "parity_done", 0 0, v0000000001189160_0;  1 drivers
v000000000118be60_0 .net "pkt_valid", 0 0, v000000000118eee0_0;  1 drivers
v000000000118baa0_0 .net "read_enb_0", 0 0, v000000000118f8e0_0;  1 drivers
v000000000118b280_0 .net "read_enb_1", 0 0, v0000000001190380_0;  1 drivers
v000000000118b780_0 .net "read_enb_2", 0 0, v0000000001190240_0;  1 drivers
v000000000118c180_0 .net "resetn", 0 0, v000000000118f700_0;  1 drivers
v000000000118b460_0 .net "rst_int_reg", 0 0, L_00000000011da3b0;  1 drivers
v000000000118b6e0_0 .net "soft_reset_0", 0 0, v000000000118c7c0_0;  1 drivers
v000000000118bb40_0 .net "soft_reset_1", 0 0, v000000000118bdc0_0;  1 drivers
v000000000118bbe0_0 .net "soft_reset_2", 0 0, v000000000118c0e0_0;  1 drivers
v000000000118bc80_0 .net "vld_out_0", 0 0, L_000000000092fd70;  alias, 1 drivers
v000000000118c220_0 .net "vld_out_1", 0 0, L_000000000092f670;  alias, 1 drivers
v000000000118bd20_0 .net "vld_out_2", 0 0, L_000000000092ffa0;  alias, 1 drivers
v000000000118c400_0 .net "write_enb", 2 0, v000000000118ccc0_0;  1 drivers
v000000000118c2c0_0 .net "write_enb_reg", 0 0, L_00000000011daa90;  1 drivers
L_000000000118f840 .part v000000000118ccc0_0, 0, 1;
L_000000000118ec60 .part v000000000118ccc0_0, 1, 1;
L_000000000118ef80 .part v000000000118ccc0_0, 2, 1;
L_00000000011da1d0 .part v000000000118fd40_0, 0, 2;
L_00000000011d9050 .part v000000000118fd40_0, 0, 2;
S_00000000008ef300 .scope module, "FIFO_0" "router_fifo" 3 23, 4 1 0, S_000000000095ed60;
 .timescale 0 0;
    .port_info 0 /INPUT 1 "clock";
    .port_info 1 /INPUT 1 "resetn";
    .port_info 2 /INPUT 1 "soft_reset";
    .port_info 3 /INPUT 1 "write_enb";
    .port_info 4 /INPUT 1 "read_enb";
    .port_info 5 /INPUT 1 "lfd_state";
    .port_info 6 /INPUT 8 "data_in";
    .port_info 7 /OUTPUT 1 "full";
    .port_info 8 /OUTPUT 1 "empty";
    .port_info 9 /OUTPUT 8 "data_out";
L_00000000009304e0 .functor NOT 1, L_000000000118e800, C4<0>, C4<0>, C4<0>;
v000000000094fa40_0 .net *"_ivl_0", 0 0, L_00000000011906a0;  1 drivers
v00000000009503a0_0 .net *"_ivl_10", 0 0, L_00000000009304e0;  1 drivers
v0000000000950580_0 .net *"_ivl_13", 3 0, L_000000000118ed00;  1 drivers
v00000000009506c0_0 .net *"_ivl_14", 4 0, L_000000000118fa20;  1 drivers
v000000000094e820_0 .net *"_ivl_16", 0 0, L_000000000118e940;  1 drivers
L_0000000001190b78 .functor BUFT 1, C4<1>, C4<0>, C4<0>, C4<0>;
v000000000094e960_0 .net/2u *"_ivl_18", 0 0, L_0000000001190b78;  1 drivers
L_0000000001190ae8 .functor BUFT 1, C4<1>, C4<0>, C4<0>, C4<0>;
v000000000094eaa0_0 .net/2u *"_ivl_2", 0 0, L_0000000001190ae8;  1 drivers
L_0000000001190bc0 .functor BUFT 1, C4<0>, C4<0>, C4<0>, C4<0>;
v0000000000915990_0 .net/2u *"_ivl_20", 0 0, L_0000000001190bc0;  1 drivers
L_0000000001190b30 .functor BUFT 1, C4<0>, C4<0>, C4<0>, C4<0>;
v0000000000914ef0_0 .net/2u *"_ivl_4", 0 0, L_0000000001190b30;  1 drivers
v00000000009150d0_0 .net *"_ivl_9", 0 0, L_000000000118e800;  1 drivers
v0000000000915d50_0 .net "clock", 0 0, v000000000118ff20_0;  alias, 1 drivers
v0000000000915350_0 .var "count", 6 0;
v00000000009155d0_0 .net "data_in", 7 0, v0000000001188080_0;  alias, 1 drivers
v00000000009158f0_0 .var "data_out", 7 0;
v0000000000915e90_0 .net "empty", 0 0, L_000000000118f7a0;  alias, 1 drivers
v0000000000914090_0 .net "full", 0 0, L_000000000118fb60;  alias, 1 drivers
v0000000000914d10_0 .var/i "i", 31 0;
v0000000000915170_0 .net "lfd_state", 0 0, L_00000000011da9f0;  alias, 1 drivers
v0000000000915a30_0 .var "lfd_temp", 0 0;
v0000000000914810 .array "mem", 0 15, 8 0;
v00000000009153f0_0 .var "rd_pointer", 4 0;
v0000000000915490_0 .net "read_enb", 0 0, v000000000118f8e0_0;  alias, 1 drivers
v0000000000914130_0 .net "resetn", 0 0, v000000000118f700_0;  alias, 1 drivers
v0000000000914270_0 .net "soft_reset", 0 0, v000000000118c7c0_0;  alias, 1 drivers
v0000000000915710_0 .var "wr_pointer", 4 0;
v00000000009143b0_0 .net "write_enb", 0 0, L_000000000118f840;  1 drivers
E_0000000000939510 .event posedge, v0000000000915d50_0;
L_00000000011906a0 .cmp/eq 5, v00000000009153f0_0, v0000000000915710_0;
L_000000000118f7a0 .functor MUXZ 1, L_0000000001190b30, L_0000000001190ae8, L_00000000011906a0, C4<>;
L_000000000118e800 .part v00000000009153f0_0, 4, 1;
L_000000000118ed00 .part v00000000009153f0_0, 0, 4;
L_000000000118fa20 .concat [ 4 1 0 0], L_000000000118ed00, L_00000000009304e0;
L_000000000118e940 .cmp/eq 5, v0000000000915710_0, L_000000000118fa20;
L_000000000118fb60 .functor MUXZ 1, L_0000000001190bc0, L_0000000001190b78, L_000000000118e940, C4<>;
S_00000000008ef490 .scope module, "FIFO_1" "router_fifo" 3 39, 4 1 0, S_000000000095ed60;
 .timescale 0 0;
    .port_info 0 /INPUT 1 "clock";
    .port_info 1 /INPUT 1 "resetn";
    .port_info 2 /INPUT 1 "soft_reset";
    .port_info 3 /INPUT 1 "write_enb";
    .port_info 4 /INPUT 1 "read_enb";
    .port_info 5 /INPUT 1 "lfd_state";
    .port_info 6 /INPUT 8 "data_in";
    .port_info 7 /OUTPUT 1 "full";
    .port_info 8 /OUTPUT 1 "empty";
    .port_info 9 /OUTPUT 8 "data_out";
L_000000000092fd00 .functor NOT 1, L_0000000001190100, C4<0>, C4<0>, C4<0>;
v0000000000915850_0 .net *"_ivl_0", 0 0, L_000000000118fac0;  1 drivers
v0000000000914630_0 .net *"_ivl_10", 0 0, L_000000000092fd00;  1 drivers
v0000000000914590_0 .net *"_ivl_13", 3 0, L_00000000011901a0;  1 drivers
v0000000000914770_0 .net *"_ivl_14", 4 0, L_000000000118f2a0;  1 drivers
v00000000009148b0_0 .net *"_ivl_16", 0 0, L_0000000001190420;  1 drivers
L_0000000001190c98 .functor BUFT 1, C4<1>, C4<0>, C4<0>, C4<0>;
v000000000092b870_0 .net/2u *"_ivl_18", 0 0, L_0000000001190c98;  1 drivers
L_0000000001190c08 .functor BUFT 1, C4<1>, C4<0>, C4<0>, C4<0>;
v000000000092b910_0 .net/2u *"_ivl_2", 0 0, L_0000000001190c08;  1 drivers
L_0000000001190ce0 .functor BUFT 1, C4<0>, C4<0>, C4<0>, C4<0>;
v000000000092bc30_0 .net/2u *"_ivl_20", 0 0, L_0000000001190ce0;  1 drivers
L_0000000001190c50 .functor BUFT 1, C4<0>, C4<0>, C4<0>, C4<0>;
v000000000092c310_0 .net/2u *"_ivl_4", 0 0, L_0000000001190c50;  1 drivers
v000000000092be10_0 .net *"_ivl_9", 0 0, L_0000000001190100;  1 drivers
v000000000092c450_0 .net "clock", 0 0, v000000000118ff20_0;  alias, 1 drivers
v000000000092c810_0 .var "count", 6 0;
v000000000092afb0_0 .net "data_in", 7 0, v0000000001188080_0;  alias, 1 drivers
v000000000092beb0_0 .var "data_out", 7 0;
v000000000092c4f0_0 .net "empty", 0 0, L_000000000118fca0;  alias, 1 drivers
v000000000092c590_0 .net "full", 0 0, L_00000000011904c0;  alias, 1 drivers
v000000000092add0_0 .var/i "i", 31 0;
v000000000092c630_0 .net "lfd_state", 0 0, L_00000000011da9f0;  alias, 1 drivers
v000000000092cb30_0 .var "lfd_temp", 0 0;
v000000000092cbd0 .array "mem", 0 15, 8 0;
v000000000092b050_0 .var "rd_pointer", 4 0;
v00000000009faa20_0 .net "read_enb", 0 0, v0000000001190380_0;  alias, 1 drivers
v00000000009fa020_0 .net "resetn", 0 0, v000000000118f700_0;  alias, 1 drivers
v00000000009fa3e0_0 .net "soft_reset", 0 0, v000000000118bdc0_0;  alias, 1 drivers
v00000000009fa160_0 .var "wr_pointer", 4 0;
v00000000009faac0_0 .net "write_enb", 0 0, L_000000000118ec60;  1 drivers
L_000000000118fac0 .cmp/eq 5, v000000000092b050_0, v00000000009fa160_0;
L_000000000118fca0 .functor MUXZ 1, L_0000000001190c50, L_0000000001190c08, L_000000000118fac0, C4<>;
L_0000000001190100 .part v000000000092b050_0, 4, 1;
L_00000000011901a0 .part v000000000092b050_0, 0, 4;
L_000000000118f2a0 .concat [ 4 1 0 0], L_00000000011901a0, L_000000000092fd00;
L_0000000001190420 .cmp/eq 5, v00000000009fa160_0, L_000000000118f2a0;
L_00000000011904c0 .functor MUXZ 1, L_0000000001190ce0, L_0000000001190c98, L_0000000001190420, C4<>;
S_00000000008c14d0 .scope module, "FIFO_2" "router_fifo" 3 52, 4 1 0, S_000000000095ed60;
 .timescale 0 0;
    .port_info 0 /INPUT 1 "clock";
    .port_info 1 /INPUT 1 "resetn";
    .port_info 2 /INPUT 1 "soft_reset";
    .port_info 3 /INPUT 1 "write_enb";
    .port_info 4 /INPUT 1 "read_enb";
    .port_info 5 /INPUT 1 "lfd_state";
    .port_info 6 /INPUT 8 "data_in";
    .port_info 7 /OUTPUT 1 "full";
    .port_info 8 /OUTPUT 1 "empty";
    .port_info 9 /OUTPUT 8 "data_out";
L_000000000092fad0 .functor NOT 1, L_000000000118f520, C4<0>, C4<0>, C4<0>;
v00000000009fa480_0 .net *"_ivl_0", 0 0, L_0000000001190560;  1 drivers
v00000000009fa840_0 .net *"_ivl_10", 0 0, L_000000000092fad0;  1 drivers
v00000000009fad40_0 .net *"_ivl_13", 3 0, L_000000000118e8a0;  1 drivers
v00000000009fa7a0_0 .net *"_ivl_14", 4 0, L_000000000118ee40;  1 drivers
v00000000009fac00_0 .net *"_ivl_16", 0 0, L_000000000118ea80;  1 drivers
L_0000000001190db8 .functor BUFT 1, C4<1>, C4<0>, C4<0>, C4<0>;
v00000000009fa8e0_0 .net/2u *"_ivl_18", 0 0, L_0000000001190db8;  1 drivers
L_0000000001190d28 .functor BUFT 1, C4<1>, C4<0>, C4<0>, C4<0>;
v00000000009fa980_0 .net/2u *"_ivl_2", 0 0, L_0000000001190d28;  1 drivers
L_0000000001190e00 .functor BUFT 1, C4<0>, C4<0>, C4<0>, C4<0>;
v00000000009fab60_0 .net/2u *"_ivl_20", 0 0, L_0000000001190e00;  1 drivers
L_0000000001190d70 .functor BUFT 1, C4<0>, C4<0>, C4<0>, C4<0>;
v00000000009faca0_0 .net/2u *"_ivl_4", 0 0, L_0000000001190d70;  1 drivers
v0000000001185780_0 .net *"_ivl_9", 0 0, L_000000000118f520;  1 drivers
v0000000001185280_0 .net "clock", 0 0, v000000000118ff20_0;  alias, 1 drivers
v0000000001185000_0 .var "count", 6 0;
v00000000011850a0_0 .net "data_in", 7 0, v0000000001188080_0;  alias, 1 drivers
v00000000011853c0_0 .var "data_out", 7 0;
v0000000001185820_0 .net "empty", 0 0, L_000000000118eda0;  alias, 1 drivers
v0000000001185320_0 .net "full", 0 0, L_000000000118eb20;  alias, 1 drivers
v00000000011855a0_0 .var/i "i", 31 0;
v0000000001185460_0 .net "lfd_state", 0 0, L_00000000011da9f0;  alias, 1 drivers
v00000000011847e0_0 .var "lfd_temp", 0 0;
v00000000011851e0 .array "mem", 0 15, 8 0;
v0000000001184c40_0 .var "rd_pointer", 4 0;
v0000000001184880_0 .net "read_enb", 0 0, v0000000001190240_0;  alias, 1 drivers
v00000000011841a0_0 .net "resetn", 0 0, v000000000118f700_0;  alias, 1 drivers
v0000000001184920_0 .net "soft_reset", 0 0, v000000000118c0e0_0;  alias, 1 drivers
v0000000001184b00_0 .var "wr_pointer", 4 0;
v0000000001184d80_0 .net "write_enb", 0 0, L_000000000118ef80;  1 drivers
L_0000000001190560 .cmp/eq 5, v0000000001184c40_0, v0000000001184b00_0;
L_000000000118eda0 .functor MUXZ 1, L_0000000001190d70, L_0000000001190d28, L_0000000001190560, C4<>;
L_000000000118f520 .part v0000000001184c40_0, 4, 1;
L_000000000118e8a0 .part v0000000001184c40_0, 0, 4;
L_000000000118ee40 .concat [ 4 1 0 0], L_000000000118e8a0, L_000000000092fad0;
L_000000000118ea80 .cmp/eq 5, v0000000001184b00_0, L_000000000118ee40;
L_000000000118eb20 .functor MUXZ 1, L_0000000001190e00, L_0000000001190db8, L_000000000118ea80, C4<>;
S_00000000008c1660 .scope module, "FSM" "router_fsm" 3 117, 5 3 0, S_000000000095ed60;
 .timescale 0 0;
    .port_info 0 /INPUT 1 "clock";
    .port_info 1 /INPUT 1 "resetn";
    .port_info 2 /INPUT 1 "pkt_valid";
    .port_info 3 /INPUT 2 "data_in";
    .port_info 4 /INPUT 1 "fifo_full";
    .port_info 5 /INPUT 1 "fifo_empty_0";
    .port_info 6 /INPUT 1 "fifo_empty_1";
    .port_info 7 /INPUT 1 "fifo_empty_2";
    .port_info 8 /INPUT 1 "soft_reset_0";
    .port_info 9 /INPUT 1 "soft_reset_1";
    .port_info 10 /INPUT 1 "soft_reset_2";
    .port_info 11 /INPUT 1 "parity_done";
    .port_info 12 /INPUT 1 "low_packet_valid";
    .port_info 13 /OUTPUT 1 "write_enb_reg";
    .port_info 14 /OUTPUT 1 "detect_add";
    .port_info 15 /OUTPUT 1 "ld_state";
    .port_info 16 /OUTPUT 1 "laf_state";
    .port_info 17 /OUTPUT 1 "lfd_state";
    .port_info 18 /OUTPUT 1 "full_state";
    .port_info 19 /OUTPUT 1 "rst_int_reg";
    .port_info 20 /OUTPUT 1 "busy";
P_00000000008d3160 .param/l "CHECK_PARITY_ERROR" 0 5 17, C4<100>;
P_00000000008d3198 .param/l "DECODE_ADDRESS" 0 5 13, C4<000>;
P_00000000008d31d0 .param/l "FIFO_FULL_STATE" 0 5 19, C4<110>;
P_00000000008d3208 .param/l "LOAD_AFTER_FULL" 0 5 20, C4<111>;
P_00000000008d3240 .param/l "LOAD_DATA" 0 5 15, C4<010>;
P_00000000008d3278 .param/l "LOAD_FIRST_DATA" 0 5 14, C4<001>;
P_00000000008d32b0 .param/l "LOAD_PARITY" 0 5 18, C4<101>;
P_00000000008d32e8 .param/l "WAIT_TILL_EMPTY" 0 5 16, C4<011>;
L_000000000092f7c0 .functor OR 1, L_00000000011da310, L_00000000011d9b90, C4<0>, C4<0>;
L_000000000092fb40 .functor OR 1, L_000000000092f7c0, L_00000000011da6d0, C4<0>, C4<0>;
L_0000000000930240 .functor OR 1, L_00000000011d9a50, L_00000000011daf90, C4<0>, C4<0>;
L_000000000092f750 .functor OR 1, L_0000000000930240, L_00000000011da4f0, C4<0>, C4<0>;
L_000000000092f830 .functor OR 1, L_000000000092f750, L_00000000011db210, C4<0>, C4<0>;
L_000000000092fc90 .functor OR 1, L_000000000092f830, L_00000000011d8dd0, C4<0>, C4<0>;
L_000000000092f9f0 .functor OR 1, L_000000000092fc90, L_00000000011db030, C4<0>, C4<0>;
L_0000000000930010 .functor OR 1, L_00000000011dab30, L_00000000011d8e70, C4<0>, C4<0>;
L_000000000092f6e0 .functor OR 1, L_000000000092f9f0, L_00000000011d9af0, C4<0>, C4<0>;
L_00000000011910d0 .functor BUFT 1, C4<000>, C4<0>, C4<0>, C4<0>;
v0000000001184f60_0 .net/2u *"_ivl_0", 2 0, L_00000000011910d0;  1 drivers
L_00000000011911a8 .functor BUFT 1, C4<010>, C4<0>, C4<0>, C4<0>;
v0000000001184740_0 .net/2u *"_ivl_10", 2 0, L_00000000011911a8;  1 drivers
L_0000000001191700 .functor BUFT 1, C4<1>, C4<0>, C4<0>, C4<0>;
v00000000011849c0_0 .net/2u *"_ivl_100", 0 0, L_0000000001191700;  1 drivers
L_0000000001191748 .functor BUFT 1, C4<0>, C4<0>, C4<0>, C4<0>;
v0000000001184240_0 .net/2u *"_ivl_102", 0 0, L_0000000001191748;  1 drivers
L_0000000001191790 .functor BUFT 1, C4<010>, C4<0>, C4<0>, C4<0>;
v0000000001185640_0 .net/2u *"_ivl_106", 2 0, L_0000000001191790;  1 drivers
v0000000001185a00_0 .net *"_ivl_108", 0 0, L_00000000011d9c30;  1 drivers
L_00000000011917d8 .functor BUFT 1, C4<1>, C4<0>, C4<0>, C4<0>;
v0000000001184ce0_0 .net/2u *"_ivl_110", 0 0, L_00000000011917d8;  1 drivers
L_0000000001191820 .functor BUFT 1, C4<0>, C4<0>, C4<0>, C4<0>;
v0000000001185140_0 .net/2u *"_ivl_112", 0 0, L_0000000001191820;  1 drivers
L_0000000001191868 .functor BUFT 1, C4<111>, C4<0>, C4<0>, C4<0>;
v0000000001185be0_0 .net/2u *"_ivl_116", 2 0, L_0000000001191868;  1 drivers
v00000000011858c0_0 .net *"_ivl_118", 0 0, L_00000000011d9190;  1 drivers
v0000000001185960_0 .net *"_ivl_12", 0 0, L_00000000011da310;  1 drivers
L_00000000011918b0 .functor BUFT 1, C4<1>, C4<0>, C4<0>, C4<0>;
v0000000001185500_0 .net/2u *"_ivl_120", 0 0, L_00000000011918b0;  1 drivers
L_00000000011918f8 .functor BUFT 1, C4<0>, C4<0>, C4<0>, C4<0>;
v0000000001184420_0 .net/2u *"_ivl_122", 0 0, L_00000000011918f8;  1 drivers
L_0000000001191940 .functor BUFT 1, C4<100>, C4<0>, C4<0>, C4<0>;
v0000000001184100_0 .net/2u *"_ivl_126", 2 0, L_0000000001191940;  1 drivers
v0000000001184a60_0 .net *"_ivl_128", 0 0, L_00000000011d97d0;  1 drivers
L_0000000001191988 .functor BUFT 1, C4<1>, C4<0>, C4<0>, C4<0>;
v00000000011856e0_0 .net/2u *"_ivl_130", 0 0, L_0000000001191988;  1 drivers
L_00000000011919d0 .functor BUFT 1, C4<0>, C4<0>, C4<0>, C4<0>;
v0000000001185aa0_0 .net/2u *"_ivl_132", 0 0, L_00000000011919d0;  1 drivers
L_00000000011911f0 .functor BUFT 1, C4<101>, C4<0>, C4<0>, C4<0>;
v00000000011844c0_0 .net/2u *"_ivl_14", 2 0, L_00000000011911f0;  1 drivers
v0000000001184560_0 .net *"_ivl_16", 0 0, L_00000000011d9b90;  1 drivers
v0000000001184ba0_0 .net *"_ivl_19", 0 0, L_000000000092f7c0;  1 drivers
v0000000001185b40_0 .net *"_ivl_2", 0 0, L_00000000011d9870;  1 drivers
L_0000000001191238 .functor BUFT 1, C4<111>, C4<0>, C4<0>, C4<0>;
v0000000001185f00_0 .net/2u *"_ivl_20", 2 0, L_0000000001191238;  1 drivers
v0000000001185c80_0 .net *"_ivl_22", 0 0, L_00000000011da6d0;  1 drivers
v0000000001184e20_0 .net *"_ivl_25", 0 0, L_000000000092fb40;  1 drivers
L_0000000001191280 .functor BUFT 1, C4<1>, C4<0>, C4<0>, C4<0>;
v0000000001185d20_0 .net/2u *"_ivl_26", 0 0, L_0000000001191280;  1 drivers
L_00000000011912c8 .functor BUFT 1, C4<0>, C4<0>, C4<0>, C4<0>;
v0000000001184600_0 .net/2u *"_ivl_28", 0 0, L_00000000011912c8;  1 drivers
L_0000000001191310 .functor BUFT 1, C4<110>, C4<0>, C4<0>, C4<0>;
v0000000001185dc0_0 .net/2u *"_ivl_32", 2 0, L_0000000001191310;  1 drivers
v0000000001185e60_0 .net *"_ivl_34", 0 0, L_00000000011d9410;  1 drivers
L_0000000001191358 .functor BUFT 1, C4<1>, C4<0>, C4<0>, C4<0>;
v0000000001184060_0 .net/2u *"_ivl_36", 0 0, L_0000000001191358;  1 drivers
L_00000000011913a0 .functor BUFT 1, C4<0>, C4<0>, C4<0>, C4<0>;
v00000000011842e0_0 .net/2u *"_ivl_38", 0 0, L_00000000011913a0;  1 drivers
L_0000000001191118 .functor BUFT 1, C4<1>, C4<0>, C4<0>, C4<0>;
v00000000011846a0_0 .net/2u *"_ivl_4", 0 0, L_0000000001191118;  1 drivers
L_00000000011913e8 .functor BUFT 1, C4<001>, C4<0>, C4<0>, C4<0>;
v0000000001184ec0_0 .net/2u *"_ivl_42", 2 0, L_00000000011913e8;  1 drivers
v0000000001184380_0 .net *"_ivl_44", 0 0, L_00000000011d9690;  1 drivers
L_0000000001191430 .functor BUFT 1, C4<1>, C4<0>, C4<0>, C4<0>;
v0000000001187010_0 .net/2u *"_ivl_46", 0 0, L_0000000001191430;  1 drivers
L_0000000001191478 .functor BUFT 1, C4<0>, C4<0>, C4<0>, C4<0>;
v0000000001187790_0 .net/2u *"_ivl_48", 0 0, L_0000000001191478;  1 drivers
L_00000000011914c0 .functor BUFT 1, C4<110>, C4<0>, C4<0>, C4<0>;
v0000000001187970_0 .net/2u *"_ivl_52", 2 0, L_00000000011914c0;  1 drivers
v0000000001186930_0 .net *"_ivl_54", 0 0, L_00000000011d9a50;  1 drivers
L_0000000001191508 .functor BUFT 1, C4<111>, C4<0>, C4<0>, C4<0>;
v0000000001186f70_0 .net/2u *"_ivl_56", 2 0, L_0000000001191508;  1 drivers
v0000000001186390_0 .net *"_ivl_58", 0 0, L_00000000011daf90;  1 drivers
L_0000000001191160 .functor BUFT 1, C4<0>, C4<0>, C4<0>, C4<0>;
v0000000001186bb0_0 .net/2u *"_ivl_6", 0 0, L_0000000001191160;  1 drivers
v0000000001186750_0 .net *"_ivl_61", 0 0, L_0000000000930240;  1 drivers
L_0000000001191550 .functor BUFT 1, C4<011>, C4<0>, C4<0>, C4<0>;
v0000000001186890_0 .net/2u *"_ivl_62", 2 0, L_0000000001191550;  1 drivers
v0000000001187bf0_0 .net *"_ivl_64", 0 0, L_00000000011da4f0;  1 drivers
v0000000001187ab0_0 .net *"_ivl_67", 0 0, L_000000000092f750;  1 drivers
L_0000000001191598 .functor BUFT 1, C4<001>, C4<0>, C4<0>, C4<0>;
v0000000001186430_0 .net/2u *"_ivl_68", 2 0, L_0000000001191598;  1 drivers
v0000000001187b50_0 .net *"_ivl_70", 0 0, L_00000000011db210;  1 drivers
v0000000001187a10_0 .net *"_ivl_73", 0 0, L_000000000092f830;  1 drivers
L_00000000011915e0 .functor BUFT 1, C4<101>, C4<0>, C4<0>, C4<0>;
v0000000001187d30_0 .net/2u *"_ivl_74", 2 0, L_00000000011915e0;  1 drivers
v0000000001186570_0 .net *"_ivl_76", 0 0, L_00000000011d8dd0;  1 drivers
v0000000001187830_0 .net *"_ivl_79", 0 0, L_000000000092fc90;  1 drivers
L_0000000001191628 .functor BUFT 1, C4<100>, C4<0>, C4<0>, C4<0>;
v0000000001186110_0 .net/2u *"_ivl_80", 2 0, L_0000000001191628;  1 drivers
v00000000011878d0_0 .net *"_ivl_82", 0 0, L_00000000011db030;  1 drivers
v0000000001187e70_0 .net *"_ivl_85", 0 0, L_000000000092f9f0;  1 drivers
L_0000000001191670 .functor BUFT 1, C4<010>, C4<0>, C4<0>, C4<0>;
v00000000011866b0_0 .net/2u *"_ivl_86", 2 0, L_0000000001191670;  1 drivers
v0000000001186b10_0 .net *"_ivl_88", 0 0, L_00000000011dab30;  1 drivers
L_00000000011916b8 .functor BUFT 1, C4<000>, C4<0>, C4<0>, C4<0>;
v0000000001187510_0 .net/2u *"_ivl_90", 2 0, L_00000000011916b8;  1 drivers
v00000000011873d0_0 .net *"_ivl_92", 0 0, L_00000000011d8e70;  1 drivers
v0000000001187290_0 .net *"_ivl_95", 0 0, L_0000000000930010;  1 drivers
v0000000001187c90_0 .net *"_ivl_97", 0 0, L_00000000011d9af0;  1 drivers
v0000000001187dd0_0 .net *"_ivl_99", 0 0, L_000000000092f6e0;  1 drivers
v0000000001187f10_0 .net "busy", 0 0, L_00000000011da770;  alias, 1 drivers
v0000000001186070_0 .net "clock", 0 0, v000000000118ff20_0;  alias, 1 drivers
v00000000011861b0_0 .net "data_in", 1 0, L_00000000011d9050;  1 drivers
v00000000011875b0_0 .net "detect_add", 0 0, L_00000000011d9550;  alias, 1 drivers
v00000000011862f0_0 .net "fifo_empty_0", 0 0, L_000000000118f7a0;  alias, 1 drivers
v0000000001186cf0_0 .net "fifo_empty_1", 0 0, L_000000000118fca0;  alias, 1 drivers
v0000000001186250_0 .net "fifo_empty_2", 0 0, L_000000000118eda0;  alias, 1 drivers
v00000000011864d0_0 .net "fifo_full", 0 0, v0000000001189ac0_0;  alias, 1 drivers
v0000000001186c50_0 .net "full_state", 0 0, L_00000000011dadb0;  alias, 1 drivers
v0000000001186610_0 .net "laf_state", 0 0, L_00000000011d9370;  alias, 1 drivers
v00000000011867f0_0 .net "ld_state", 0 0, L_00000000011db0d0;  alias, 1 drivers
v0000000001187470_0 .net "lfd_state", 0 0, L_00000000011da9f0;  alias, 1 drivers
v0000000001187650_0 .net "low_packet_valid", 0 0, v00000000011889e0_0;  alias, 1 drivers
v0000000001186d90_0 .var "ns", 2 0;
v00000000011870b0_0 .net "parity_done", 0 0, v0000000001189160_0;  alias, 1 drivers
v0000000001187150_0 .net "pkt_valid", 0 0, v000000000118eee0_0;  alias, 1 drivers
v00000000011869d0_0 .var "ps", 2 0;
v00000000011876f0_0 .net "resetn", 0 0, v000000000118f700_0;  alias, 1 drivers
v0000000001186a70_0 .net "rst_int_reg", 0 0, L_00000000011da3b0;  alias, 1 drivers
v0000000001186e30_0 .net "soft_reset_0", 0 0, v000000000118c7c0_0;  alias, 1 drivers
v0000000001186ed0_0 .net "soft_reset_1", 0 0, v000000000118bdc0_0;  alias, 1 drivers
v00000000011871f0_0 .net "soft_reset_2", 0 0, v000000000118c0e0_0;  alias, 1 drivers
v0000000001187330_0 .net "write_enb_reg", 0 0, L_00000000011daa90;  alias, 1 drivers
E_0000000000939450/0 .event edge, v00000000011869d0_0, v0000000001187150_0, v00000000011861b0_0, v0000000000915e90_0;
E_0000000000939450/1 .event edge, v000000000092c4f0_0, v0000000001185820_0, v00000000011864d0_0, v00000000011870b0_0;
E_0000000000939450/2 .event edge, v0000000001187650_0;
E_0000000000939450 .event/or E_0000000000939450/0, E_0000000000939450/1, E_0000000000939450/2;
L_00000000011d9870 .cmp/eq 3, v00000000011869d0_0, L_00000000011910d0;
L_00000000011d9550 .functor MUXZ 1, L_0000000001191160, L_0000000001191118, L_00000000011d9870, C4<>;
L_00000000011da310 .cmp/eq 3, v00000000011869d0_0, L_00000000011911a8;
L_00000000011d9b90 .cmp/eq 3, v00000000011869d0_0, L_00000000011911f0;
L_00000000011da6d0 .cmp/eq 3, v00000000011869d0_0, L_0000000001191238;
L_00000000011daa90 .functor MUXZ 1, L_00000000011912c8, L_0000000001191280, L_000000000092fb40, C4<>;
L_00000000011d9410 .cmp/eq 3, v00000000011869d0_0, L_0000000001191310;
L_00000000011dadb0 .functor MUXZ 1, L_00000000011913a0, L_0000000001191358, L_00000000011d9410, C4<>;
L_00000000011d9690 .cmp/eq 3, v00000000011869d0_0, L_00000000011913e8;
L_00000000011da9f0 .functor MUXZ 1, L_0000000001191478, L_0000000001191430, L_00000000011d9690, C4<>;
L_00000000011d9a50 .cmp/eq 3, v00000000011869d0_0, L_00000000011914c0;
L_00000000011daf90 .cmp/eq 3, v00000000011869d0_0, L_0000000001191508;
L_00000000011da4f0 .cmp/eq 3, v00000000011869d0_0, L_0000000001191550;
L_00000000011db210 .cmp/eq 3, v00000000011869d0_0, L_0000000001191598;
L_00000000011d8dd0 .cmp/eq 3, v00000000011869d0_0, L_00000000011915e0;
L_00000000011db030 .cmp/eq 3, v00000000011869d0_0, L_0000000001191628;
L_00000000011dab30 .cmp/eq 3, v00000000011869d0_0, L_0000000001191670;
L_00000000011d8e70 .cmp/eq 3, v00000000011869d0_0, L_00000000011916b8;
L_00000000011d9af0 .reduce/nor L_0000000000930010;
L_00000000011da770 .functor MUXZ 1, L_0000000001191748, L_0000000001191700, L_000000000092f6e0, C4<>;
L_00000000011d9c30 .cmp/eq 3, v00000000011869d0_0, L_0000000001191790;
L_00000000011db0d0 .functor MUXZ 1, L_0000000001191820, L_00000000011917d8, L_00000000011d9c30, C4<>;
L_00000000011d9190 .cmp/eq 3, v00000000011869d0_0, L_0000000001191868;
L_00000000011d9370 .functor MUXZ 1, L_00000000011918f8, L_00000000011918b0, L_00000000011d9190, C4<>;
L_00000000011d97d0 .cmp/eq 3, v00000000011869d0_0, L_0000000001191940;
L_00000000011da3b0 .functor MUXZ 1, L_00000000011919d0, L_0000000001191988, L_00000000011d97d0, C4<>;
S_00000000008d3330 .scope module, "REGISTER_0" "router_reg" 3 65, 6 1 0, S_000000000095ed60;
 .timescale 0 0;
    .port_info 0 /INPUT 1 "clock";
    .port_info 1 /INPUT 1 "resetn";
    .port_info 2 /INPUT 1 "pkt_valid";
    .port_info 3 /INPUT 8 "data_in";
    .port_info 4 /INPUT 1 "fifo_full";
    .port_info 5 /INPUT 1 "detect_add";
    .port_info 6 /INPUT 1 "ld_state";
    .port_info 7 /INPUT 1 "laf_state";
    .port_info 8 /INPUT 1 "full_state";
    .port_info 9 /INPUT 1 "lfd_state";
    .port_info 10 /INPUT 1 "rst_int_reg";
    .port_info 11 /OUTPUT 1 "err";
    .port_info 12 /OUTPUT 1 "parity_done";
    .port_info 13 /OUTPUT 1 "low_packet_valid";
    .port_info 14 /OUTPUT 8 "dout";
v0000000001188a80_0 .net "clock", 0 0, v000000000118ff20_0;  alias, 1 drivers
v00000000011892a0_0 .net "data_in", 7 0, v000000000118fd40_0;  alias, 1 drivers
v0000000001188800_0 .net "detect_add", 0 0, L_00000000011d9550;  alias, 1 drivers
v0000000001188080_0 .var "dout", 7 0;
v0000000001189de0_0 .var "err", 0 0;
v0000000001188300_0 .var "ext_parity", 7 0;
v0000000001189e80_0 .net "fifo_full", 0 0, v0000000001189ac0_0;  alias, 1 drivers
v0000000001188da0_0 .net "full_state", 0 0, L_00000000011dadb0;  alias, 1 drivers
v00000000011883a0_0 .var "header", 7 0;
v0000000001188d00_0 .var "int_parity", 7 0;
v00000000011897a0_0 .var "int_reg", 7 0;
v0000000001189660_0 .net "laf_state", 0 0, L_00000000011d9370;  alias, 1 drivers
v0000000001188620_0 .net "ld_state", 0 0, L_00000000011db0d0;  alias, 1 drivers
v0000000001188b20_0 .net "lfd_state", 0 0, L_00000000011da9f0;  alias, 1 drivers
v00000000011889e0_0 .var "low_packet_valid", 0 0;
v0000000001189160_0 .var "parity_done", 0 0;
v0000000001189d40_0 .net "pkt_valid", 0 0, v000000000118eee0_0;  alias, 1 drivers
v00000000011888a0_0 .net "resetn", 0 0, v000000000118f700_0;  alias, 1 drivers
v00000000011895c0_0 .net "rst_int_reg", 0 0, L_00000000011da3b0;  alias, 1 drivers
S_00000000008727a0 .scope module, "SYNCHRONIZER" "router_sync" 3 90, 7 1 0, S_000000000095ed60;
 .timescale 0 0;
    .port_info 0 /INPUT 1 "clock";
    .port_info 1 /INPUT 1 "resetn";
    .port_info 2 /INPUT 2 "data_in";
    .port_info 3 /INPUT 1 "detect_add";
    .port_info 4 /INPUT 1 "full_0";
    .port_info 5 /INPUT 1 "full_1";
    .port_info 6 /INPUT 1 "full_2";
    .port_info 7 /INPUT 1 "empty_0";
    .port_info 8 /INPUT 1 "empty_1";
    .port_info 9 /INPUT 1 "empty_2";
    .port_info 10 /INPUT 1 "write_enb_reg";
    .port_info 11 /INPUT 1 "read_enb_0";
    .port_info 12 /INPUT 1 "read_enb_1";
    .port_info 13 /INPUT 1 "read_enb_2";
    .port_info 14 /OUTPUT 3 "write_enb";
    .port_info 15 /OUTPUT 1 "fifo_full";
    .port_info 16 /OUTPUT 1 "vld_out_0";
    .port_info 17 /OUTPUT 1 "vld_out_1";
    .port_info 18 /OUTPUT 1 "vld_out_2";
    .port_info 19 /OUTPUT 1 "soft_reset_0";
    .port_info 20 /OUTPUT 1 "soft_reset_1";
    .port_info 21 /OUTPUT 1 "soft_reset_2";
L_000000000092fd70 .functor NOT 1, L_000000000118f7a0, C4<0>, C4<0>, C4<0>;
L_000000000092f670 .functor NOT 1, L_000000000118fca0, C4<0>, C4<0>, C4<0>;
L_000000000092ffa0 .functor NOT 1, L_000000000118eda0, C4<0>, C4<0>, C4<0>;
L_0000000001190e90 .functor BUFT 1, C4<1>, C4<0>, C4<0>, C4<0>;
v0000000001189b60_0 .net/2u *"_ivl_10", 0 0, L_0000000001190e90;  1 drivers
L_0000000001190ed8 .functor BUFT 1, C4<0>, C4<0>, C4<0>, C4<0>;
v0000000001188f80_0 .net/2u *"_ivl_12", 0 0, L_0000000001190ed8;  1 drivers
L_0000000001190f20 .functor BUFT 1, C4<11101>, C4<0>, C4<0>, C4<0>;
v0000000001188e40_0 .net/2u *"_ivl_16", 4 0, L_0000000001190f20;  1 drivers
v0000000001189020_0 .net *"_ivl_18", 0 0, L_00000000011db2b0;  1 drivers
L_0000000001190f68 .functor BUFT 1, C4<1>, C4<0>, C4<0>, C4<0>;
v0000000001189ca0_0 .net/2u *"_ivl_20", 0 0, L_0000000001190f68;  1 drivers
L_0000000001190fb0 .functor BUFT 1, C4<0>, C4<0>, C4<0>, C4<0>;
v00000000011898e0_0 .net/2u *"_ivl_22", 0 0, L_0000000001190fb0;  1 drivers
L_0000000001190ff8 .functor BUFT 1, C4<11101>, C4<0>, C4<0>, C4<0>;
v0000000001189840_0 .net/2u *"_ivl_26", 4 0, L_0000000001190ff8;  1 drivers
v0000000001188760_0 .net *"_ivl_28", 0 0, L_00000000011d8bf0;  1 drivers
L_0000000001191040 .functor BUFT 1, C4<1>, C4<0>, C4<0>, C4<0>;
v0000000001188940_0 .net/2u *"_ivl_30", 0 0, L_0000000001191040;  1 drivers
L_0000000001191088 .functor BUFT 1, C4<0>, C4<0>, C4<0>, C4<0>;
v0000000001188bc0_0 .net/2u *"_ivl_32", 0 0, L_0000000001191088;  1 drivers
L_0000000001190e48 .functor BUFT 1, C4<11101>, C4<0>, C4<0>, C4<0>;
v0000000001189700_0 .net/2u *"_ivl_6", 4 0, L_0000000001190e48;  1 drivers
v00000000011893e0_0 .net *"_ivl_8", 0 0, L_000000000118f020;  1 drivers
v0000000001189480_0 .net "c_0", 0 0, L_000000000118f0c0;  1 drivers
v00000000011884e0_0 .net "c_1", 0 0, L_00000000011da590;  1 drivers
v0000000001189340_0 .net "c_2", 0 0, L_00000000011d95f0;  1 drivers
v0000000001188440_0 .net "clock", 0 0, v000000000118ff20_0;  alias, 1 drivers
v0000000001188c60_0 .var "count_0", 4 0;
v0000000001188120_0 .var "count_1", 4 0;
v0000000001189980_0 .var "count_2", 4 0;
v0000000001189a20_0 .net "data_in", 1 0, L_00000000011da1d0;  1 drivers
v00000000011890c0_0 .net "detect_add", 0 0, L_00000000011d9550;  alias, 1 drivers
v0000000001189200_0 .net "empty_0", 0 0, L_000000000118f7a0;  alias, 1 drivers
v0000000001189f20_0 .net "empty_1", 0 0, L_000000000118fca0;  alias, 1 drivers
v0000000001188ee0_0 .net "empty_2", 0 0, L_000000000118eda0;  alias, 1 drivers
v0000000001189ac0_0 .var "fifo_full", 0 0;
v00000000011881c0_0 .net "full_0", 0 0, L_000000000118fb60;  alias, 1 drivers
v0000000001189c00_0 .net "full_1", 0 0, L_00000000011904c0;  alias, 1 drivers
v0000000001188260_0 .net "full_2", 0 0, L_000000000118eb20;  alias, 1 drivers
v0000000001188580_0 .var "int_addr_reg", 1 0;
v0000000001189520_0 .net "read_enb_0", 0 0, v000000000118f8e0_0;  alias, 1 drivers
v00000000011886c0_0 .net "read_enb_1", 0 0, v0000000001190380_0;  alias, 1 drivers
v000000000118cc20_0 .net "read_enb_2", 0 0, v0000000001190240_0;  alias, 1 drivers
v000000000118b5a0_0 .net "resetn", 0 0, v000000000118f700_0;  alias, 1 drivers
v000000000118c7c0_0 .var "soft_reset_0", 0 0;
v000000000118bdc0_0 .var "soft_reset_1", 0 0;
v000000000118c0e0_0 .var "soft_reset_2", 0 0;
v000000000118b960_0 .net "vld_out_0", 0 0, L_000000000092fd70;  alias, 1 drivers
v000000000118bfa0_0 .net "vld_out_1", 0 0, L_000000000092f670;  alias, 1 drivers
v000000000118b8c0_0 .net "vld_out_2", 0 0, L_000000000092ffa0;  alias, 1 drivers
v000000000118ccc0_0 .var "write_enb", 2 0;
v000000000118cd60_0 .net "write_enb_reg", 0 0, L_00000000011daa90;  alias, 1 drivers
E_0000000000939490/0 .event edge, v0000000001188580_0, v0000000000914090_0, v0000000001187330_0, v000000000092c590_0;
E_0000000000939490/1 .event edge, v0000000001185320_0;
E_0000000000939490 .event/or E_0000000000939490/0, E_0000000000939490/1;
L_000000000118f020 .cmp/eq 5, v0000000001188c60_0, L_0000000001190e48;
L_000000000118f0c0 .functor MUXZ 1, L_0000000001190ed8, L_0000000001190e90, L_000000000118f020, C4<>;
L_00000000011db2b0 .cmp/eq 5, v0000000001188120_0, L_0000000001190f20;
L_00000000011da590 .functor MUXZ 1, L_0000000001190fb0, L_0000000001190f68, L_00000000011db2b0, C4<>;
L_00000000011d8bf0 .cmp/eq 5, v0000000001189980_0, L_0000000001190ff8;
L_00000000011d95f0 .functor MUXZ 1, L_0000000001191088, L_0000000001191040, L_00000000011d8bf0, C4<>;
S_0000000000872aa0 .scope task, "initialize" "initialize" 2 46, 2 46 0, S_000000000095ebd0;
 .timescale -9 -12;
TD_router_top_tb.initialize ;
    %pushi/vec4 1, 0, 1;
    %store/vec4 v000000000118f700_0, 0, 1;
    %pushi/vec4 0, 0, 4;
    %split/vec4 1;
    %store/vec4 v000000000118eee0_0, 0, 1;
    %split/vec4 1;
    %store/vec4 v0000000001190240_0, 0, 1;
    %split/vec4 1;
    %store/vec4 v0000000001190380_0, 0, 1;
    %store/vec4 v000000000118f8e0_0, 0, 1;
    %end;
S_000000000118e490 .scope task, "pktm_gen_14" "pktm_gen_14" 2 99, 2 99 0, S_000000000095ebd0;
 .timescale -9 -12;
v000000000118c4a0_0 .var "header", 7 0;
v000000000118c5e0_0 .var "parity", 7 0;
v000000000118c680_0 .var "payload_data", 7 0;
v000000000118c720_0 .var "payloadlen", 8 0;
E_00000000009395d0 .event edge, v000000000092c4f0_0;
E_0000000000939110 .event negedge, v0000000000915d50_0;
E_0000000000939910 .event edge, v0000000001187f10_0;
TD_router_top_tb.pktm_gen_14 ;
    %pushi/vec4 0, 0, 8;
    %store/vec4 v000000000118c5e0_0, 0, 8;
T_1.0 ;
    %load/vec4 v000000000118f340_0;
    %nor/r;
    %cmpi/ne 1, 0, 1;
    %jmp/0xz T_1.1, 6;
    %wait E_0000000000939910;
    %jmp T_1.0;
T_1.1 ;
    %wait E_0000000000939110;
    %pushi/vec4 14, 0, 9;
    %store/vec4 v000000000118c720_0, 0, 9;
    %pushi/vec4 1, 0, 1;
    %store/vec4 v000000000118eee0_0, 0, 1;
    %load/vec4 v000000000118c720_0;
    %concati/vec4 1, 0, 2;
    %pad/u 8;
    %store/vec4 v000000000118c4a0_0, 0, 8;
    %load/vec4 v000000000118c4a0_0;
    %store/vec4 v000000000118fd40_0, 0, 8;
    %load/vec4 v000000000118c5e0_0;
    %load/vec4 v000000000118fd40_0;
    %xor;
    %store/vec4 v000000000118c5e0_0, 0, 8;
    %wait E_0000000000939110;
    %pushi/vec4 0, 0, 32;
    %store/vec4 v0000000001190060_0, 0, 32;
T_1.2 ;
    %load/vec4 v0000000001190060_0;
    %load/vec4 v000000000118c720_0;
    %pad/u 32;
    %cmp/u;
    %jmp/0xz T_1.3, 5;
T_1.4 ;
    %load/vec4 v000000000118f340_0;
    %nor/r;
    %cmpi/ne 1, 0, 1;
    %jmp/0xz T_1.5, 6;
    %wait E_0000000000939910;
    %jmp T_1.4;
T_1.5 ;
    %wait E_0000000000939110;
    %vpi_func 2 121 "$random" 32 {0 0 0};
    %pushi/vec4 256, 0, 32;
    %mod;
    %pad/u 8;
    %store/vec4 v000000000118c680_0, 0, 8;
    %load/vec4 v000000000118c680_0;
    %store/vec4 v000000000118fd40_0, 0, 8;
    %load/vec4 v000000000118c5e0_0;
    %load/vec4 v000000000118fd40_0;
    %xor;
    %store/vec4 v000000000118c5e0_0, 0, 8;
    %load/vec4 v0000000001190060_0;
    %addi 1, 0, 32;
    %store/vec4 v0000000001190060_0, 0, 32;
    %jmp T_1.2;
T_1.3 ;
T_1.6 ;
    %load/vec4 v000000000118f340_0;
    %nor/r;
    %cmpi/ne 1, 0, 1;
    %jmp/0xz T_1.7, 6;
    %wait E_0000000000939910;
    %jmp T_1.6;
T_1.7 ;
    %wait E_0000000000939110;
    %pushi/vec4 0, 0, 1;
    %store/vec4 v000000000118eee0_0, 0, 1;
    %load/vec4 v000000000118c5e0_0;
    %store/vec4 v000000000118fd40_0, 0, 8;
    %pushi/vec4 2, 0, 32;
T_1.8 %dup/vec4;
    %pushi/vec4 0, 0, 32;
    %cmp/s;
    %jmp/1xz T_1.9, 5;
    %jmp/1 T_1.9, 4;
    %pushi/vec4 1, 0, 32;
    %sub;
    %wait E_0000000000939110;
    %jmp T_1.8;
T_1.9 ;
    %pop/vec4 1;
    %pushi/vec4 1, 0, 1;
    %store/vec4 v0000000001190380_0, 0, 1;
T_1.10 ;
    %load/vec4 v000000000092c4f0_0;
    %cmpi/ne 1, 0, 1;
    %jmp/0xz T_1.11, 6;
    %wait E_00000000009395d0;
    %jmp T_1.10;
T_1.11 ;
    %wait E_0000000000939110;
    %pushi/vec4 0, 0, 1;
    %store/vec4 v0000000001190380_0, 0, 1;
    %end;
S_000000000118e620 .scope task, "pktm_gen_16" "pktm_gen_16" 2 143, 2 143 0, S_000000000095ebd0;
 .timescale -9 -12;
v000000000118f5c0_0 .var "header", 7 0;
v000000000118f980_0 .var "parity", 7 0;
v000000000118f200_0 .var "payload_data", 7 0;
v000000000118f3e0_0 .var "payloadlen", 8 0;
E_0000000000938dd0 .event edge, v0000000000915e90_0;
TD_router_top_tb.pktm_gen_16 ;
    %pushi/vec4 0, 0, 8;
    %store/vec4 v000000000118f980_0, 0, 8;
T_2.12 ;
    %load/vec4 v000000000118f340_0;
    %nor/r;
    %cmpi/ne 1, 0, 1;
    %jmp/0xz T_2.13, 6;
    %wait E_0000000000939910;
    %jmp T_2.12;
T_2.13 ;
    %wait E_0000000000939110;
    %pushi/vec4 16, 0, 9;
    %store/vec4 v000000000118f3e0_0, 0, 9;
    %pushi/vec4 1, 0, 1;
    %store/vec4 v000000000118eee0_0, 0, 1;
    %load/vec4 v000000000118f3e0_0;
    %concati/vec4 0, 0, 2;
    %pad/u 8;
    %store/vec4 v000000000118f5c0_0, 0, 8;
    %load/vec4 v000000000118f5c0_0;
    %store/vec4 v000000000118fd40_0, 0, 8;
    %load/vec4 v000000000118f980_0;
    %load/vec4 v000000000118fd40_0;
    %xor;
    %store/vec4 v000000000118f980_0, 0, 8;
    %wait E_0000000000939110;
    %pushi/vec4 0, 0, 32;
    %store/vec4 v0000000001190060_0, 0, 32;
T_2.14 ;
    %load/vec4 v0000000001190060_0;
    %load/vec4 v000000000118f3e0_0;
    %pad/u 32;
    %cmp/u;
    %jmp/0xz T_2.15, 5;
T_2.16 ;
    %load/vec4 v000000000118f340_0;
    %nor/r;
    %cmpi/ne 1, 0, 1;
    %jmp/0xz T_2.17, 6;
    %wait E_0000000000939910;
    %jmp T_2.16;
T_2.17 ;
    %wait E_0000000000939110;
    %vpi_func 2 165 "$random" 32 {0 0 0};
    %pushi/vec4 256, 0, 32;
    %mod;
    %pad/u 8;
    %store/vec4 v000000000118f200_0, 0, 8;
    %load/vec4 v000000000118f200_0;
    %store/vec4 v000000000118fd40_0, 0, 8;
    %load/vec4 v000000000118f980_0;
    %load/vec4 v000000000118fd40_0;
    %xor;
    %store/vec4 v000000000118f980_0, 0, 8;
    %load/vec4 v0000000001190060_0;
    %addi 1, 0, 32;
    %store/vec4 v0000000001190060_0, 0, 32;
    %jmp T_2.14;
T_2.15 ;
T_2.18 ;
    %load/vec4 v000000000118f340_0;
    %nor/r;
    %cmpi/ne 1, 0, 1;
    %jmp/0xz T_2.19, 6;
    %wait E_0000000000939910;
    %jmp T_2.18;
T_2.19 ;
    %wait E_0000000000939110;
    %pushi/vec4 0, 0, 1;
    %store/vec4 v000000000118eee0_0, 0, 1;
    %load/vec4 v000000000118f980_0;
    %store/vec4 v000000000118fd40_0, 0, 8;
    %pushi/vec4 2, 0, 32;
T_2.20 %dup/vec4;
    %pushi/vec4 0, 0, 32;
    %cmp/s;
    %jmp/1xz T_2.21, 5;
    %jmp/1 T_2.21, 4;
    %pushi/vec4 1, 0, 32;
    %sub;
    %wait E_0000000000939110;
    %jmp T_2.20;
T_2.21 ;
    %pop/vec4 1;
    %pushi/vec4 1, 0, 1;
    %store/vec4 v000000000118f8e0_0, 0, 1;
T_2.22 ;
    %load/vec4 v0000000000915e90_0;
    %cmpi/ne 1, 0, 1;
    %jmp/0xz T_2.23, 6;
    %wait E_0000000000938dd0;
    %jmp T_2.22;
T_2.23 ;
    %wait E_0000000000939110;
    %pushi/vec4 0, 0, 1;
    %store/vec4 v000000000118f8e0_0, 0, 1;
    %end;
S_00000000011907c0 .scope task, "pktm_gen_5" "pktm_gen_5" 2 54, 2 54 0, S_000000000095ebd0;
 .timescale -9 -12;
v0000000001190600_0 .var "header", 7 0;
v000000000118e9e0_0 .var "parity", 7 0;
v000000000118fc00_0 .var "payload_data", 7 0;
v000000000118ebc0_0 .var "payloadlen", 8 0;
E_0000000000938c50 .event edge, v0000000001185820_0;
TD_router_top_tb.pktm_gen_5 ;
    %pushi/vec4 0, 0, 8;
    %store/vec4 v000000000118e9e0_0, 0, 8;
T_3.24 ;
    %load/vec4 v000000000118f340_0;
    %nor/r;
    %cmpi/ne 1, 0, 1;
    %jmp/0xz T_3.25, 6;
    %wait E_0000000000939910;
    %jmp T_3.24;
T_3.25 ;
    %wait E_0000000000939110;
    %pushi/vec4 5, 0, 9;
    %store/vec4 v000000000118ebc0_0, 0, 9;
    %pushi/vec4 1, 0, 1;
    %store/vec4 v000000000118eee0_0, 0, 1;
    %load/vec4 v000000000118ebc0_0;
    %concati/vec4 2, 0, 2;
    %pad/u 8;
    %store/vec4 v0000000001190600_0, 0, 8;
    %load/vec4 v0000000001190600_0;
    %store/vec4 v000000000118fd40_0, 0, 8;
    %load/vec4 v000000000118e9e0_0;
    %load/vec4 v000000000118fd40_0;
    %xor;
    %store/vec4 v000000000118e9e0_0, 0, 8;
    %wait E_0000000000939110;
    %pushi/vec4 0, 0, 32;
    %store/vec4 v0000000001190060_0, 0, 32;
T_3.26 ;
    %load/vec4 v0000000001190060_0;
    %load/vec4 v000000000118ebc0_0;
    %pad/u 32;
    %cmp/u;
    %jmp/0xz T_3.27, 5;
T_3.28 ;
    %load/vec4 v000000000118f340_0;
    %nor/r;
    %cmpi/ne 1, 0, 1;
    %jmp/0xz T_3.29, 6;
    %wait E_0000000000939910;
    %jmp T_3.28;
T_3.29 ;
    %wait E_0000000000939110;
    %vpi_func 2 76 "$random" 32 {0 0 0};
    %pushi/vec4 256, 0, 32;
    %mod;
    %pad/u 8;
    %store/vec4 v000000000118fc00_0, 0, 8;
    %load/vec4 v000000000118fc00_0;
    %store/vec4 v000000000118fd40_0, 0, 8;
    %load/vec4 v000000000118e9e0_0;
    %load/vec4 v000000000118fd40_0;
    %xor;
    %store/vec4 v000000000118e9e0_0, 0, 8;
    %load/vec4 v0000000001190060_0;
    %addi 1, 0, 32;
    %store/vec4 v0000000001190060_0, 0, 32;
    %jmp T_3.26;
T_3.27 ;
T_3.30 ;
    %load/vec4 v000000000118f340_0;
    %nor/r;
    %cmpi/ne 1, 0, 1;
    %jmp/0xz T_3.31, 6;
    %wait E_0000000000939910;
    %jmp T_3.30;
T_3.31 ;
    %wait E_0000000000939110;
    %pushi/vec4 0, 0, 1;
    %store/vec4 v000000000118eee0_0, 0, 1;
    %load/vec4 v000000000118e9e0_0;
    %store/vec4 v000000000118fd40_0, 0, 8;
    %pushi/vec4 2, 0, 32;
T_3.32 %dup/vec4;
    %pushi/vec4 0, 0, 32;
    %cmp/s;
    %jmp/1xz T_3.33, 5;
    %jmp/1 T_3.33, 4;
    %pushi/vec4 1, 0, 32;
    %sub;
    %wait E_0000000000939110;
    %jmp T_3.32;
T_3.33 ;
    %pop/vec4 1;
    %pushi/vec4 1, 0, 1;
    %store/vec4 v0000000001190240_0, 0, 1;
T_3.34 ;
    %load/vec4 v0000000001185820_0;
    %cmpi/ne 1, 0, 1;
    %jmp/0xz T_3.35, 6;
    %wait E_0000000000938c50;
    %jmp T_3.34;
T_3.35 ;
    %wait E_0000000000939110;
    %pushi/vec4 0, 0, 1;
    %store/vec4 v0000000001190240_0, 0, 1;
    %end;
S_0000000001190950 .scope task, "reset" "reset" 2 37, 2 37 0, S_000000000095ebd0;
 .timescale -9 -12;
TD_router_top_tb.reset ;
    %wait E_0000000000939110;
    %pushi/vec4 0, 0, 1;
    %store/vec4 v000000000118f700_0, 0, 1;
    %wait E_0000000000939110;
    %pushi/vec4 1, 0, 1;
    %store/vec4 v000000000118f700_0, 0, 1;
    %end;
    .scope S_00000000008ef300;
T_5 ;
    %wait E_0000000000939510;
    %load/vec4 v0000000000914130_0;
    %nor/r;
    %flag_set/vec4 8;
    %jmp/0xz  T_5.0, 8;
    %pushi/vec4 0, 0, 1;
    %assign/vec4 v0000000000915a30_0, 0;
    %jmp T_5.1;
T_5.0 ;
    %load/vec4 v0000000000915170_0;
    %assign/vec4 v0000000000915a30_0, 0;
T_5.1 ;
    %jmp T_5;
    .thread T_5;
    .scope S_00000000008ef300;
T_6 ;
    %wait E_0000000000939510;
    %load/vec4 v0000000000914130_0;
    %nor/r;
    %flag_set/vec4 8;
    %jmp/0xz  T_6.0, 8;
    %pushi/vec4 0, 0, 5;
    %assign/vec4 v0000000000915710_0, 0;
    %jmp T_6.1;
T_6.0 ;
    %load/vec4 v00000000009143b0_0;
    %load/vec4 v0000000000914090_0;
    %inv;
    %and;
    %flag_set/vec4 8;
    %jmp/0xz  T_6.2, 8;
    %load/vec4 v0000000000915710_0;
    %addi 1, 0, 5;
    %assign/vec4 v0000000000915710_0, 0;
T_6.2 ;
T_6.1 ;
    %jmp T_6;
    .thread T_6;
    .scope S_00000000008ef300;
T_7 ;
    %wait E_0000000000939510;
    %load/vec4 v0000000000914130_0;
    %nor/r;
    %flag_set/vec4 8;
    %jmp/0xz  T_7.0, 8;
    %pushi/vec4 0, 0, 5;
    %assign/vec4 v00000000009153f0_0, 0;
    %jmp T_7.1;
T_7.0 ;
    %load/vec4 v0000000000915490_0;
    %load/vec4 v0000000000915e90_0;
    %inv;
    %and;
    %flag_set/vec4 8;
    %jmp/0xz  T_7.2, 8;
    %load/vec4 v00000000009153f0_0;
    %addi 1, 0, 5;
    %assign/vec4 v00000000009153f0_0, 0;
T_7.2 ;
T_7.1 ;
    %jmp T_7;
    .thread T_7;
    .scope S_00000000008ef300;
T_8 ;
    %wait E_0000000000939510;
    %load/vec4 v0000000000915490_0;
    %load/vec4 v0000000000915e90_0;
    %nor/r;
    %and;
    %flag_set/vec4 8;
    %jmp/0xz  T_8.0, 8;
    %load/vec4 v00000000009153f0_0;
    %parti/s 4, 0, 2;
    %pad/u 6;
    %ix/vec4 4;
    %load/vec4a v0000000000914810, 4;
    %parti/s 1, 8, 5;
    %cmpi/e 1, 0, 1;
    %jmp/0xz  T_8.2, 4;
    %load/vec4 v00000000009153f0_0;
    %parti/s 4, 0, 2;
    %pad/u 6;
    %ix/vec4 4;
    %load/vec4a v0000000000914810, 4;
    %parti/s 6, 2, 3;
    %pad/u 7;
    %addi 1, 0, 7;
    %assign/vec4 v0000000000915350_0, 0;
    %jmp T_8.3;
T_8.2 ;
    %load/vec4 v0000000000915350_0;
    %cmpi/ne 0, 0, 7;
    %jmp/0xz  T_8.4, 4;
    %load/vec4 v0000000000915350_0;
    %subi 1, 0, 7;
    %assign/vec4 v0000000000915350_0, 0;
T_8.4 ;
T_8.3 ;
T_8.0 ;
    %jmp T_8;
    .thread T_8;
    .scope S_00000000008ef300;
T_9 ;
    %wait E_0000000000939510;
    %load/vec4 v0000000000914130_0;
    %nor/r;
    %flag_set/vec4 8;
    %jmp/0xz  T_9.0, 8;
    %pushi/vec4 0, 0, 8;
    %assign/vec4 v00000000009158f0_0, 0;
    %jmp T_9.1;
T_9.0 ;
    %load/vec4 v0000000000914270_0;
    %flag_set/vec4 8;
    %jmp/0xz  T_9.2, 8;
    %pushi/vec4 0, 255, 8;
    %assign/vec4 v00000000009158f0_0, 0;
    %jmp T_9.3;
T_9.2 ;
    %load/vec4 v0000000000915490_0;
    %load/vec4 v0000000000915e90_0;
    %nor/r;
    %and;
    %flag_set/vec4 8;
    %jmp/0xz  T_9.4, 8;
    %load/vec4 v00000000009153f0_0;
    %parti/s 4, 0, 2;
    %pad/u 6;
    %ix/vec4 4;
    %load/vec4a v0000000000914810, 4;
    %parti/s 8, 0, 2;
    %assign/vec4 v00000000009158f0_0, 0;
    %jmp T_9.5;
T_9.4 ;
    %load/vec4 v0000000000915350_0;
    %cmpi/e 0, 0, 7;
    %jmp/0xz  T_9.6, 4;
    %pushi/vec4 0, 255, 8;
    %assign/vec4 v00000000009158f0_0, 0;
T_9.6 ;
T_9.5 ;
T_9.3 ;
T_9.1 ;
    %jmp T_9;
    .thread T_9;
    .scope S_00000000008ef300;
T_10 ;
    %wait E_0000000000939510;
    %load/vec4 v0000000000914130_0;
    %nor/r;
    %flag_set/vec4 8;
    %load/vec4 v0000000000914270_0;
    %flag_set/vec4 9;
    %flag_or 9, 8;
    %jmp/0xz  T_10.0, 9;
    %pushi/vec4 0, 0, 32;
    %store/vec4 v0000000000914d10_0, 0, 32;
T_10.2 ;
    %load/vec4 v0000000000914d10_0;
    %cmpi/s 16, 0, 32;
    %jmp/0xz T_10.3, 5;
    %pushi/vec4 0, 0, 9;
    %ix/getv/s 3, v0000000000914d10_0;
    %ix/load 4, 0, 0; Constant delay
    %assign/vec4/a/d v0000000000914810, 0, 4;
    %load/vec4 v0000000000914d10_0;
    %addi 1, 0, 32;
    %store/vec4 v0000000000914d10_0, 0, 32;
    %jmp T_10.2;
T_10.3 ;
    %jmp T_10.1;
T_10.0 ;
    %load/vec4 v00000000009143b0_0;
    %load/vec4 v0000000000914090_0;
    %inv;
    %and;
    %flag_set/vec4 8;
    %jmp/0xz  T_10.4, 8;
    %load/vec4 v0000000000915a30_0;
    %load/vec4 v00000000009155d0_0;
    %concat/vec4; draw_concat_vec4
    %split/vec4 8;
    %load/vec4 v0000000000915710_0;
    %parti/s 4, 0, 2;
    %pad/u 6;
    %ix/vec4 3;
    %ix/load 4, 0, 0; Constant delay
    %assign/vec4/a/d v0000000000914810, 0, 4;
    %load/vec4 v0000000000915710_0;
    %parti/s 4, 0, 2;
    %pad/u 6;
    %ix/vec4 3;
    %ix/load 4, 8, 0; part off
    %ix/load 5, 0, 0; Constant delay
    %assign/vec4/a/d v0000000000914810, 4, 5;
T_10.4 ;
T_10.1 ;
    %jmp T_10;
    .thread T_10;
    .scope S_00000000008ef490;
T_11 ;
    %wait E_0000000000939510;
    %load/vec4 v00000000009fa020_0;
    %nor/r;
    %flag_set/vec4 8;
    %jmp/0xz  T_11.0, 8;
    %pushi/vec4 0, 0, 1;
    %assign/vec4 v000000000092cb30_0, 0;
    %jmp T_11.1;
T_11.0 ;
    %load/vec4 v000000000092c630_0;
    %assign/vec4 v000000000092cb30_0, 0;
T_11.1 ;
    %jmp T_11;
    .thread T_11;
    .scope S_00000000008ef490;
T_12 ;
    %wait E_0000000000939510;
    %load/vec4 v00000000009fa020_0;
    %nor/r;
    %flag_set/vec4 8;
    %jmp/0xz  T_12.0, 8;
    %pushi/vec4 0, 0, 5;
    %assign/vec4 v00000000009fa160_0, 0;
    %jmp T_12.1;
T_12.0 ;
    %load/vec4 v00000000009faac0_0;
    %load/vec4 v000000000092c590_0;
    %inv;
    %and;
    %flag_set/vec4 8;
    %jmp/0xz  T_12.2, 8;
    %load/vec4 v00000000009fa160_0;
    %addi 1, 0, 5;
    %assign/vec4 v00000000009fa160_0, 0;
T_12.2 ;
T_12.1 ;
    %jmp T_12;
    .thread T_12;
    .scope S_00000000008ef490;
T_13 ;
    %wait E_0000000000939510;
    %load/vec4 v00000000009fa020_0;
    %nor/r;
    %flag_set/vec4 8;
    %jmp/0xz  T_13.0, 8;
    %pushi/vec4 0, 0, 5;
    %assign/vec4 v000000000092b050_0, 0;
    %jmp T_13.1;
T_13.0 ;
    %load/vec4 v00000000009faa20_0;
    %load/vec4 v000000000092c4f0_0;
    %inv;
    %and;
    %flag_set/vec4 8;
    %jmp/0xz  T_13.2, 8;
    %load/vec4 v000000000092b050_0;
    %addi 1, 0, 5;
    %assign/vec4 v000000000092b050_0, 0;
T_13.2 ;
T_13.1 ;
    %jmp T_13;
    .thread T_13;
    .scope S_00000000008ef490;
T_14 ;
    %wait E_0000000000939510;
    %load/vec4 v00000000009faa20_0;
    %load/vec4 v000000000092c4f0_0;
    %nor/r;
    %and;
    %flag_set/vec4 8;
    %jmp/0xz  T_14.0, 8;
    %load/vec4 v000000000092b050_0;
    %parti/s 4, 0, 2;
    %pad/u 6;
    %ix/vec4 4;
    %load/vec4a v000000000092cbd0, 4;
    %parti/s 1, 8, 5;
    %cmpi/e 1, 0, 1;
    %jmp/0xz  T_14.2, 4;
    %load/vec4 v000000000092b050_0;
    %parti/s 4, 0, 2;
    %pad/u 6;
    %ix/vec4 4;
    %load/vec4a v000000000092cbd0, 4;
    %parti/s 6, 2, 3;
    %pad/u 7;
    %addi 1, 0, 7;
    %assign/vec4 v000000000092c810_0, 0;
    %jmp T_14.3;
T_14.2 ;
    %load/vec4 v000000000092c810_0;
    %cmpi/ne 0, 0, 7;
    %jmp/0xz  T_14.4, 4;
    %load/vec4 v000000000092c810_0;
    %subi 1, 0, 7;
    %assign/vec4 v000000000092c810_0, 0;
T_14.4 ;
T_14.3 ;
T_14.0 ;
    %jmp T_14;
    .thread T_14;
    .scope S_00000000008ef490;
T_15 ;
    %wait E_0000000000939510;
    %load/vec4 v00000000009fa020_0;
    %nor/r;
    %flag_set/vec4 8;
    %jmp/0xz  T_15.0, 8;
    %pushi/vec4 0, 0, 8;
    %assign/vec4 v000000000092beb0_0, 0;
    %jmp T_15.1;
T_15.0 ;
    %load/vec4 v00000000009fa3e0_0;
    %flag_set/vec4 8;
    %jmp/0xz  T_15.2, 8;
    %pushi/vec4 0, 255, 8;
    %assign/vec4 v000000000092beb0_0, 0;
    %jmp T_15.3;
T_15.2 ;
    %load/vec4 v00000000009faa20_0;
    %load/vec4 v000000000092c4f0_0;
    %nor/r;
    %and;
    %flag_set/vec4 8;
    %jmp/0xz  T_15.4, 8;
    %load/vec4 v000000000092b050_0;
    %parti/s 4, 0, 2;
    %pad/u 6;
    %ix/vec4 4;
    %load/vec4a v000000000092cbd0, 4;
    %parti/s 8, 0, 2;
    %assign/vec4 v000000000092beb0_0, 0;
    %jmp T_15.5;
T_15.4 ;
    %load/vec4 v000000000092c810_0;
    %cmpi/e 0, 0, 7;
    %jmp/0xz  T_15.6, 4;
    %pushi/vec4 0, 255, 8;
    %assign/vec4 v000000000092beb0_0, 0;
T_15.6 ;
T_15.5 ;
T_15.3 ;
T_15.1 ;
    %jmp T_15;
    .thread T_15;
    .scope S_00000000008ef490;
T_16 ;
    %wait E_0000000000939510;
    %load/vec4 v00000000009fa020_0;
    %nor/r;
    %flag_set/vec4 8;
    %load/vec4 v00000000009fa3e0_0;
    %flag_set/vec4 9;
    %flag_or 9, 8;
    %jmp/0xz  T_16.0, 9;
    %pushi/vec4 0, 0, 32;
    %store/vec4 v000000000092add0_0, 0, 32;
T_16.2 ;
    %load/vec4 v000000000092add0_0;
    %cmpi/s 16, 0, 32;
    %jmp/0xz T_16.3, 5;
    %pushi/vec4 0, 0, 9;
    %ix/getv/s 3, v000000000092add0_0;
    %ix/load 4, 0, 0; Constant delay
    %assign/vec4/a/d v000000000092cbd0, 0, 4;
    %load/vec4 v000000000092add0_0;
    %addi 1, 0, 32;
    %store/vec4 v000000000092add0_0, 0, 32;
    %jmp T_16.2;
T_16.3 ;
    %jmp T_16.1;
T_16.0 ;
    %load/vec4 v00000000009faac0_0;
    %load/vec4 v000000000092c590_0;
    %inv;
    %and;
    %flag_set/vec4 8;
    %jmp/0xz  T_16.4, 8;
    %load/vec4 v000000000092cb30_0;
    %load/vec4 v000000000092afb0_0;
    %concat/vec4; draw_concat_vec4
    %split/vec4 8;
    %load/vec4 v00000000009fa160_0;
    %parti/s 4, 0, 2;
    %pad/u 6;
    %ix/vec4 3;
    %ix/load 4, 0, 0; Constant delay
    %assign/vec4/a/d v000000000092cbd0, 0, 4;
    %load/vec4 v00000000009fa160_0;
    %parti/s 4, 0, 2;
    %pad/u 6;
    %ix/vec4 3;
    %ix/load 4, 8, 0; part off
    %ix/load 5, 0, 0; Constant delay
    %assign/vec4/a/d v000000000092cbd0, 4, 5;
T_16.4 ;
T_16.1 ;
    %jmp T_16;
    .thread T_16;
    .scope S_00000000008c14d0;
T_17 ;
    %wait E_0000000000939510;
    %load/vec4 v00000000011841a0_0;
    %nor/r;
    %flag_set/vec4 8;
    %jmp/0xz  T_17.0, 8;
    %pushi/vec4 0, 0, 1;
    %assign/vec4 v00000000011847e0_0, 0;
    %jmp T_17.1;
T_17.0 ;
    %load/vec4 v0000000001185460_0;
    %assign/vec4 v00000000011847e0_0, 0;
T_17.1 ;
    %jmp T_17;
    .thread T_17;
    .scope S_00000000008c14d0;
T_18 ;
    %wait E_0000000000939510;
    %load/vec4 v00000000011841a0_0;
    %nor/r;
    %flag_set/vec4 8;
    %jmp/0xz  T_18.0, 8;
    %pushi/vec4 0, 0, 5;
    %assign/vec4 v0000000001184b00_0, 0;
    %jmp T_18.1;
T_18.0 ;
    %load/vec4 v0000000001184d80_0;
    %load/vec4 v0000000001185320_0;
    %inv;
    %and;
    %flag_set/vec4 8;
    %jmp/0xz  T_18.2, 8;
    %load/vec4 v0000000001184b00_0;
    %addi 1, 0, 5;
    %assign/vec4 v0000000001184b00_0, 0;
T_18.2 ;
T_18.1 ;
    %jmp T_18;
    .thread T_18;
    .scope S_00000000008c14d0;
T_19 ;
    %wait E_0000000000939510;
    %load/vec4 v00000000011841a0_0;
    %nor/r;
    %flag_set/vec4 8;
    %jmp/0xz  T_19.0, 8;
    %pushi/vec4 0, 0, 5;
    %assign/vec4 v0000000001184c40_0, 0;
    %jmp T_19.1;
T_19.0 ;
    %load/vec4 v0000000001184880_0;
    %load/vec4 v0000000001185820_0;
    %inv;
    %and;
    %flag_set/vec4 8;
    %jmp/0xz  T_19.2, 8;
    %load/vec4 v0000000001184c40_0;
    %addi 1, 0, 5;
    %assign/vec4 v0000000001184c40_0, 0;
T_19.2 ;
T_19.1 ;
    %jmp T_19;
    .thread T_19;
    .scope S_00000000008c14d0;
T_20 ;
    %wait E_0000000000939510;
    %load/vec4 v0000000001184880_0;
    %load/vec4 v0000000001185820_0;
    %nor/r;
    %and;
    %flag_set/vec4 8;
    %jmp/0xz  T_20.0, 8;
    %load/vec4 v0000000001184c40_0;
    %parti/s 4, 0, 2;
    %pad/u 6;
    %ix/vec4 4;
    %load/vec4a v00000000011851e0, 4;
    %parti/s 1, 8, 5;
    %cmpi/e 1, 0, 1;
    %jmp/0xz  T_20.2, 4;
    %load/vec4 v0000000001184c40_0;
    %parti/s 4, 0, 2;
    %pad/u 6;
    %ix/vec4 4;
    %load/vec4a v00000000011851e0, 4;
    %parti/s 6, 2, 3;
    %pad/u 7;
    %addi 1, 0, 7;
    %assign/vec4 v0000000001185000_0, 0;
    %jmp T_20.3;
T_20.2 ;
    %load/vec4 v0000000001185000_0;
    %cmpi/ne 0, 0, 7;
    %jmp/0xz  T_20.4, 4;
    %load/vec4 v0000000001185000_0;
    %subi 1, 0, 7;
    %assign/vec4 v0000000001185000_0, 0;
T_20.4 ;
T_20.3 ;
T_20.0 ;
    %jmp T_20;
    .thread T_20;
    .scope S_00000000008c14d0;
T_21 ;
    %wait E_0000000000939510;
    %load/vec4 v00000000011841a0_0;
    %nor/r;
    %flag_set/vec4 8;
    %jmp/0xz  T_21.0, 8;
    %pushi/vec4 0, 0, 8;
    %assign/vec4 v00000000011853c0_0, 0;
    %jmp T_21.1;
T_21.0 ;
    %load/vec4 v0000000001184920_0;
    %flag_set/vec4 8;
    %jmp/0xz  T_21.2, 8;
    %pushi/vec4 0, 255, 8;
    %assign/vec4 v00000000011853c0_0, 0;
    %jmp T_21.3;
T_21.2 ;
    %load/vec4 v0000000001184880_0;
    %load/vec4 v0000000001185820_0;
    %nor/r;
    %and;
    %flag_set/vec4 8;
    %jmp/0xz  T_21.4, 8;
    %load/vec4 v0000000001184c40_0;
    %parti/s 4, 0, 2;
    %pad/u 6;
    %ix/vec4 4;
    %load/vec4a v00000000011851e0, 4;
    %parti/s 8, 0, 2;
    %assign/vec4 v00000000011853c0_0, 0;
    %jmp T_21.5;
T_21.4 ;
    %load/vec4 v0000000001185000_0;
    %cmpi/e 0, 0, 7;
    %jmp/0xz  T_21.6, 4;
    %pushi/vec4 0, 255, 8;
    %assign/vec4 v00000000011853c0_0, 0;
T_21.6 ;
T_21.5 ;
T_21.3 ;
T_21.1 ;
    %jmp T_21;
    .thread T_21;
    .scope S_00000000008c14d0;
T_22 ;
    %wait E_0000000000939510;
    %load/vec4 v00000000011841a0_0;
    %nor/r;
    %flag_set/vec4 8;
    %load/vec4 v0000000001184920_0;
    %flag_set/vec4 9;
    %flag_or 9, 8;
    %jmp/0xz  T_22.0, 9;
    %pushi/vec4 0, 0, 32;
    %store/vec4 v00000000011855a0_0, 0, 32;
T_22.2 ;
    %load/vec4 v00000000011855a0_0;
    %cmpi/s 16, 0, 32;
    %jmp/0xz T_22.3, 5;
    %pushi/vec4 0, 0, 9;
    %ix/getv/s 3, v00000000011855a0_0;
    %ix/load 4, 0, 0; Constant delay
    %assign/vec4/a/d v00000000011851e0, 0, 4;
    %load/vec4 v00000000011855a0_0;
    %addi 1, 0, 32;
    %store/vec4 v00000000011855a0_0, 0, 32;
    %jmp T_22.2;
T_22.3 ;
    %jmp T_22.1;
T_22.0 ;
    %load/vec4 v0000000001184d80_0;
    %load/vec4 v0000000001185320_0;
    %inv;
    %and;
    %flag_set/vec4 8;
    %jmp/0xz  T_22.4, 8;
    %load/vec4 v00000000011847e0_0;
    %load/vec4 v00000000011850a0_0;
    %concat/vec4; draw_concat_vec4
    %split/vec4 8;
    %load/vec4 v0000000001184b00_0;
    %parti/s 4, 0, 2;
    %pad/u 6;
    %ix/vec4 3;
    %ix/load 4, 0, 0; Constant delay
    %assign/vec4/a/d v00000000011851e0, 0, 4;
    %load/vec4 v0000000001184b00_0;
    %parti/s 4, 0, 2;
    %pad/u 6;
    %ix/vec4 3;
    %ix/load 4, 8, 0; part off
    %ix/load 5, 0, 0; Constant delay
    %assign/vec4/a/d v00000000011851e0, 4, 5;
T_22.4 ;
T_22.1 ;
    %jmp T_22;
    .thread T_22;
    .scope S_00000000008d3330;
T_23 ;
    %wait E_0000000000939510;
    %load/vec4 v00000000011888a0_0;
    %nor/r;
    %flag_set/vec4 8;
    %jmp/0xz  T_23.0, 8;
    %pushi/vec4 0, 0, 8;
    %assign/vec4 v0000000001188080_0, 0;
    %pushi/vec4 0, 0, 8;
    %assign/vec4 v00000000011883a0_0, 0;
    %pushi/vec4 0, 0, 8;
    %assign/vec4 v00000000011897a0_0, 0;
    %jmp T_23.1;
T_23.0 ;
    %load/vec4 v0000000001188800_0;
    %load/vec4 v0000000001189d40_0;
    %and;
    %load/vec4 v00000000011892a0_0;
    %parti/s 2, 0, 2;
    %pushi/vec4 3, 0, 2;
    %cmp/ne;
    %flag_get/vec4 4;
    %and;
    %flag_set/vec4 8;
    %jmp/0xz  T_23.2, 8;
    %load/vec4 v00000000011892a0_0;
    %assign/vec4 v00000000011883a0_0, 0;
    %jmp T_23.3;
T_23.2 ;
    %load/vec4 v0000000001188b20_0;
    %flag_set/vec4 8;
    %jmp/0xz  T_23.4, 8;
    %load/vec4 v00000000011883a0_0;
    %assign/vec4 v0000000001188080_0, 0;
    %jmp T_23.5;
T_23.4 ;
    %load/vec4 v0000000001188620_0;
    %load/vec4 v0000000001189e80_0;
    %nor/r;
    %and;
    %flag_set/vec4 8;
    %jmp/0xz  T_23.6, 8;
    %load/vec4 v00000000011892a0_0;
    %assign/vec4 v0000000001188080_0, 0;
    %jmp T_23.7;
T_23.6 ;
    %load/vec4 v0000000001188620_0;
    %load/vec4 v0000000001189e80_0;
    %and;
    %flag_set/vec4 8;
    %jmp/0xz  T_23.8, 8;
    %load/vec4 v00000000011892a0_0;
    %assign/vec4 v00000000011897a0_0, 0;
    %jmp T_23.9;
T_23.8 ;
    %load/vec4 v0000000001189660_0;
    %flag_set/vec4 8;
    %jmp/0xz  T_23.10, 8;
    %load/vec4 v00000000011897a0_0;
    %assign/vec4 v0000000001188080_0, 0;
T_23.10 ;
T_23.9 ;
T_23.7 ;
T_23.5 ;
T_23.3 ;
T_23.1 ;
    %jmp T_23;
    .thread T_23;
    .scope S_00000000008d3330;
T_24 ;
    %wait E_0000000000939510;
    %load/vec4 v00000000011888a0_0;
    %nor/r;
    %flag_set/vec4 8;
    %jmp/0xz  T_24.0, 8;
    %pushi/vec4 0, 0, 1;
    %assign/vec4 v00000000011889e0_0, 0;
    %jmp T_24.1;
T_24.0 ;
    %load/vec4 v00000000011895c0_0;
    %flag_set/vec4 8;
    %jmp/0xz  T_24.2, 8;
    %pushi/vec4 0, 0, 1;
    %assign/vec4 v00000000011889e0_0, 0;
    %jmp T_24.3;
T_24.2 ;
    %load/vec4 v0000000001188620_0;
    %load/vec4 v0000000001189d40_0;
    %nor/r;
    %and;
    %flag_set/vec4 8;
    %jmp/0xz  T_24.4, 8;
    %pushi/vec4 1, 0, 1;
    %assign/vec4 v00000000011889e0_0, 0;
T_24.4 ;
T_24.3 ;
T_24.1 ;
    %jmp T_24;
    .thread T_24;
    .scope S_00000000008d3330;
T_25 ;
    %wait E_0000000000939510;
    %load/vec4 v00000000011888a0_0;
    %nor/r;
    %flag_set/vec4 8;
    %jmp/0xz  T_25.0, 8;
    %pushi/vec4 0, 0, 1;
    %assign/vec4 v0000000001189160_0, 0;
    %jmp T_25.1;
T_25.0 ;
    %load/vec4 v0000000001188800_0;
    %flag_set/vec4 8;
    %jmp/0xz  T_25.2, 8;
    %pushi/vec4 0, 0, 1;
    %assign/vec4 v0000000001189160_0, 0;
    %jmp T_25.3;
T_25.2 ;
    %load/vec4 v0000000001188620_0;
    %load/vec4 v0000000001189e80_0;
    %nor/r;
    %and;
    %load/vec4 v0000000001189d40_0;
    %nor/r;
    %and;
    %flag_set/vec4 8;
    %load/vec4 v0000000001189660_0;
    %load/vec4 v00000000011889e0_0;
    %and;
    %load/vec4 v0000000001189160_0;
    %nor/r;
    %and;
    %flag_set/vec4 9;
    %flag_or 9, 8;
    %jmp/0xz  T_25.4, 9;
    %pushi/vec4 1, 0, 1;
    %assign/vec4 v0000000001189160_0, 0;
T_25.4 ;
T_25.3 ;
T_25.1 ;
    %jmp T_25;
    .thread T_25;
    .scope S_00000000008d3330;
T_26 ;
    %wait E_0000000000939510;
    %load/vec4 v00000000011888a0_0;
    %nor/r;
    %flag_set/vec4 8;
    %jmp/0xz  T_26.0, 8;
    %pushi/vec4 0, 0, 8;
    %assign/vec4 v0000000001188d00_0, 0;
    %jmp T_26.1;
T_26.0 ;
    %load/vec4 v0000000001188800_0;
    %flag_set/vec4 8;
    %jmp/0xz  T_26.2, 8;
    %pushi/vec4 0, 0, 8;
    %assign/vec4 v0000000001188d00_0, 0;
    %jmp T_26.3;
T_26.2 ;
    %load/vec4 v0000000001188b20_0;
    %load/vec4 v0000000001189d40_0;
    %and;
    %flag_set/vec4 8;
    %jmp/0xz  T_26.4, 8;
    %load/vec4 v0000000001188d00_0;
    %load/vec4 v00000000011883a0_0;
    %xor;
    %assign/vec4 v0000000001188d00_0, 0;
    %jmp T_26.5;
T_26.4 ;
    %load/vec4 v0000000001188620_0;
    %load/vec4 v0000000001189d40_0;
    %and;
    %load/vec4 v0000000001188da0_0;
    %nor/r;
    %and;
    %flag_set/vec4 8;
    %jmp/0xz  T_26.6, 8;
    %load/vec4 v0000000001188d00_0;
    %load/vec4 v00000000011892a0_0;
    %xor;
    %assign/vec4 v0000000001188d00_0, 0;
    %jmp T_26.7;
T_26.6 ;
    %load/vec4 v0000000001188d00_0;
    %assign/vec4 v0000000001188d00_0, 0;
T_26.7 ;
T_26.5 ;
T_26.3 ;
T_26.1 ;
    %jmp T_26;
    .thread T_26;
    .scope S_00000000008d3330;
T_27 ;
    %wait E_0000000000939510;
    %load/vec4 v00000000011888a0_0;
    %nor/r;
    %flag_set/vec4 8;
    %jmp/0xz  T_27.0, 8;
    %pushi/vec4 0, 0, 1;
    %assign/vec4 v0000000001189de0_0, 0;
    %jmp T_27.1;
T_27.0 ;
    %load/vec4 v0000000001189160_0;
    %flag_set/vec4 8;
    %jmp/0xz  T_27.2, 8;
    %load/vec4 v0000000001188d00_0;
    %load/vec4 v0000000001188300_0;
    %cmp/e;
    %jmp/0xz  T_27.4, 4;
    %pushi/vec4 0, 0, 1;
    %assign/vec4 v0000000001189de0_0, 0;
    %jmp T_27.5;
T_27.4 ;
    %pushi/vec4 1, 0, 1;
    %assign/vec4 v0000000001189de0_0, 0;
T_27.5 ;
    %jmp T_27.3;
T_27.2 ;
    %pushi/vec4 0, 0, 1;
    %assign/vec4 v0000000001189de0_0, 0;
T_27.3 ;
T_27.1 ;
    %jmp T_27;
    .thread T_27;
    .scope S_00000000008d3330;
T_28 ;
    %wait E_0000000000939510;
    %load/vec4 v00000000011888a0_0;
    %nor/r;
    %flag_set/vec4 8;
    %jmp/0xz  T_28.0, 8;
    %pushi/vec4 0, 0, 8;
    %assign/vec4 v0000000001188300_0, 0;
    %jmp T_28.1;
T_28.0 ;
    %load/vec4 v0000000001188800_0;
    %flag_set/vec4 8;
    %jmp/0xz  T_28.2, 8;
    %pushi/vec4 0, 0, 8;
    %assign/vec4 v0000000001188300_0, 0;
    %jmp T_28.3;
T_28.2 ;
    %load/vec4 v0000000001188620_0;
    %load/vec4 v0000000001189e80_0;
    %nor/r;
    %and;
    %load/vec4 v0000000001189d40_0;
    %nor/r;
    %and;
    %flag_set/vec4 8;
    %load/vec4 v0000000001189660_0;
    %load/vec4 v0000000001189160_0;
    %nor/r;
    %and;
    %load/vec4 v00000000011889e0_0;
    %and;
    %flag_set/vec4 9;
    %flag_or 9, 8;
    %jmp/0xz  T_28.4, 9;
    %load/vec4 v00000000011892a0_0;
    %assign/vec4 v0000000001188300_0, 0;
T_28.4 ;
T_28.3 ;
T_28.1 ;
    %jmp T_28;
    .thread T_28;
    .scope S_00000000008727a0;
T_29 ;
    %wait E_0000000000939510;
    %load/vec4 v000000000118b5a0_0;
    %nor/r;
    %flag_set/vec4 8;
    %jmp/0xz  T_29.0, 8;
    %pushi/vec4 0, 0, 2;
    %assign/vec4 v0000000001188580_0, 0;
    %jmp T_29.1;
T_29.0 ;
    %load/vec4 v00000000011890c0_0;
    %flag_set/vec4 8;
    %jmp/0xz  T_29.2, 8;
    %load/vec4 v0000000001189a20_0;
    %assign/vec4 v0000000001188580_0, 0;
T_29.2 ;
T_29.1 ;
    %jmp T_29;
    .thread T_29;
    .scope S_00000000008727a0;
T_30 ;
    %wait E_0000000000939490;
    %load/vec4 v0000000001188580_0;
    %dup/vec4;
    %pushi/vec4 0, 0, 2;
    %cmp/u;
    %jmp/1 T_30.0, 6;
    %dup/vec4;
    %pushi/vec4 1, 0, 2;
    %cmp/u;
    %jmp/1 T_30.1, 6;
    %dup/vec4;
    %pushi/vec4 2, 0, 2;
    %cmp/u;
    %jmp/1 T_30.2, 6;
    %pushi/vec4 0, 0, 1;
    %assign/vec4 v0000000001189ac0_0, 0;
    %pushi/vec4 0, 0, 3;
    %assign/vec4 v000000000118ccc0_0, 0;
    %jmp T_30.4;
T_30.0 ;
    %load/vec4 v00000000011881c0_0;
    %assign/vec4 v0000000001189ac0_0, 0;
    %load/vec4 v000000000118cd60_0;
    %flag_set/vec4 8;
    %jmp/0xz  T_30.5, 8;
    %pushi/vec4 1, 0, 3;
    %assign/vec4 v000000000118ccc0_0, 0;
    %jmp T_30.6;
T_30.5 ;
    %pushi/vec4 0, 0, 3;
    %assign/vec4 v000000000118ccc0_0, 0;
T_30.6 ;
    %jmp T_30.4;
T_30.1 ;
    %load/vec4 v0000000001189c00_0;
    %assign/vec4 v0000000001189ac0_0, 0;
    %load/vec4 v000000000118cd60_0;
    %flag_set/vec4 8;
    %jmp/0xz  T_30.7, 8;
    %pushi/vec4 2, 0, 3;
    %assign/vec4 v000000000118ccc0_0, 0;
    %jmp T_30.8;
T_30.7 ;
    %pushi/vec4 0, 0, 3;
    %assign/vec4 v000000000118ccc0_0, 0;
T_30.8 ;
    %jmp T_30.4;
T_30.2 ;
    %load/vec4 v0000000001188260_0;
    %assign/vec4 v0000000001189ac0_0, 0;
    %load/vec4 v000000000118cd60_0;
    %flag_set/vec4 8;
    %jmp/0xz  T_30.9, 8;
    %pushi/vec4 4, 0, 3;
    %assign/vec4 v000000000118ccc0_0, 0;
    %jmp T_30.10;
T_30.9 ;
    %pushi/vec4 0, 0, 3;
    %assign/vec4 v000000000118ccc0_0, 0;
T_30.10 ;
    %jmp T_30.4;
T_30.4 ;
    %pop/vec4 1;
    %jmp T_30;
    .thread T_30, $push;
    .scope S_00000000008727a0;
T_31 ;
    %wait E_0000000000939510;
    %load/vec4 v000000000118b5a0_0;
    %nor/r;
    %flag_set/vec4 8;
    %jmp/0xz  T_31.0, 8;
    %pushi/vec4 0, 0, 5;
    %assign/vec4 v0000000001188c60_0, 0;
    %pushi/vec4 0, 0, 1;
    %assign/vec4 v000000000118c7c0_0, 0;
    %jmp T_31.1;
T_31.0 ;
    %load/vec4 v000000000118b960_0;
    %flag_set/vec4 8;
    %jmp/0xz  T_31.2, 8;
    %load/vec4 v0000000001189520_0;
    %nor/r;
    %flag_set/vec4 8;
    %jmp/0xz  T_31.4, 8;
    %load/vec4 v0000000001189480_0;
    %flag_set/vec4 8;
    %jmp/0xz  T_31.6, 8;
    %pushi/vec4 1, 0, 1;
    %assign/vec4 v000000000118c7c0_0, 0;
    %pushi/vec4 0, 0, 5;
    %assign/vec4 v0000000001188c60_0, 0;
    %jmp T_31.7;
T_31.6 ;
    %pushi/vec4 0, 0, 1;
    %assign/vec4 v000000000118c7c0_0, 0;
    %load/vec4 v0000000001188c60_0;
    %addi 1, 0, 5;
    %assign/vec4 v0000000001188c60_0, 0;
T_31.7 ;
    %jmp T_31.5;
T_31.4 ;
    %pushi/vec4 0, 0, 5;
    %assign/vec4 v0000000001188c60_0, 0;
T_31.5 ;
T_31.2 ;
T_31.1 ;
    %jmp T_31;
    .thread T_31;
    .scope S_00000000008727a0;
T_32 ;
    %wait E_0000000000939510;
    %load/vec4 v000000000118b5a0_0;
    %nor/r;
    %flag_set/vec4 8;
    %jmp/0xz  T_32.0, 8;
    %pushi/vec4 0, 0, 5;
    %assign/vec4 v0000000001188120_0, 0;
    %pushi/vec4 0, 0, 1;
    %assign/vec4 v000000000118bdc0_0, 0;
    %jmp T_32.1;
T_32.0 ;
    %load/vec4 v000000000118bfa0_0;
    %flag_set/vec4 8;
    %jmp/0xz  T_32.2, 8;
    %load/vec4 v00000000011886c0_0;
    %nor/r;
    %flag_set/vec4 8;
    %jmp/0xz  T_32.4, 8;
    %load/vec4 v00000000011884e0_0;
    %flag_set/vec4 8;
    %jmp/0xz  T_32.6, 8;
    %pushi/vec4 1, 0, 1;
    %assign/vec4 v000000000118bdc0_0, 0;
    %pushi/vec4 0, 0, 5;
    %assign/vec4 v0000000001188120_0, 0;
    %jmp T_32.7;
T_32.6 ;
    %pushi/vec4 0, 0, 1;
    %assign/vec4 v000000000118bdc0_0, 0;
    %load/vec4 v0000000001188120_0;
    %addi 1, 0, 5;
    %assign/vec4 v0000000001188120_0, 0;
T_32.7 ;
    %jmp T_32.5;
T_32.4 ;
    %pushi/vec4 0, 0, 5;
    %assign/vec4 v0000000001188120_0, 0;
T_32.5 ;
T_32.2 ;
T_32.1 ;
    %jmp T_32;
    .thread T_32;
    .scope S_00000000008727a0;
T_33 ;
    %wait E_0000000000939510;
    %load/vec4 v000000000118b5a0_0;
    %nor/r;
    %flag_set/vec4 8;
    %jmp/0xz  T_33.0, 8;
    %pushi/vec4 0, 0, 5;
    %assign/vec4 v0000000001189980_0, 0;
    %pushi/vec4 0, 0, 1;
    %assign/vec4 v000000000118c0e0_0, 0;
    %jmp T_33.1;
T_33.0 ;
    %load/vec4 v000000000118b8c0_0;
    %flag_set/vec4 8;
    %jmp/0xz  T_33.2, 8;
    %load/vec4 v000000000118cc20_0;
    %nor/r;
    %flag_set/vec4 8;
    %jmp/0xz  T_33.4, 8;
    %load/vec4 v0000000001189340_0;
    %flag_set/vec4 8;
    %jmp/0xz  T_33.6, 8;
    %pushi/vec4 1, 0, 1;
    %assign/vec4 v000000000118c0e0_0, 0;
    %pushi/vec4 0, 0, 5;
    %assign/vec4 v0000000001189980_0, 0;
    %jmp T_33.7;
T_33.6 ;
    %pushi/vec4 0, 0, 1;
    %assign/vec4 v000000000118c0e0_0, 0;
    %load/vec4 v0000000001189980_0;
    %addi 1, 0, 5;
    %assign/vec4 v0000000001189980_0, 0;
T_33.7 ;
    %jmp T_33.5;
T_33.4 ;
    %pushi/vec4 0, 0, 5;
    %assign/vec4 v0000000001189980_0, 0;
T_33.5 ;
T_33.2 ;
T_33.1 ;
    %jmp T_33;
    .thread T_33;
    .scope S_00000000008c1660;
T_34 ;
    %wait E_0000000000939510;
    %load/vec4 v00000000011876f0_0;
    %nor/r;
    %flag_set/vec4 8;
    %load/vec4 v0000000001186e30_0;
    %flag_set/vec4 9;
    %flag_or 9, 8;
    %load/vec4 v0000000001186ed0_0;
    %flag_set/vec4 8;
    %flag_or 8, 9;
    %load/vec4 v00000000011871f0_0;
    %flag_set/vec4 9;
    %flag_or 9, 8;
    %jmp/0xz  T_34.0, 9;
    %pushi/vec4 0, 0, 3;
    %assign/vec4 v00000000011869d0_0, 0;
    %jmp T_34.1;
T_34.0 ;
    %load/vec4 v0000000001186d90_0;
    %assign/vec4 v00000000011869d0_0, 0;
T_34.1 ;
    %jmp T_34;
    .thread T_34;
    .scope S_00000000008c1660;
T_35 ;
    %wait E_0000000000939450;
    %load/vec4 v00000000011869d0_0;
    %dup/vec4;
    %pushi/vec4 0, 0, 3;
    %cmp/u;
    %jmp/1 T_35.0, 6;
    %dup/vec4;
    %pushi/vec4 1, 0, 3;
    %cmp/u;
    %jmp/1 T_35.1, 6;
    %dup/vec4;
    %pushi/vec4 2, 0, 3;
    %cmp/u;
    %jmp/1 T_35.2, 6;
    %dup/vec4;
    %pushi/vec4 3, 0, 3;
    %cmp/u;
    %jmp/1 T_35.3, 6;
    %dup/vec4;
    %pushi/vec4 4, 0, 3;
    %cmp/u;
    %jmp/1 T_35.4, 6;
    %dup/vec4;
    %pushi/vec4 5, 0, 3;
    %cmp/u;
    %jmp/1 T_35.5, 6;
    %dup/vec4;
    %pushi/vec4 6, 0, 3;
    %cmp/u;
    %jmp/1 T_35.6, 6;
    %dup/vec4;
    %pushi/vec4 7, 0, 3;
    %cmp/u;
    %jmp/1 T_35.7, 6;
    %pushi/vec4 0, 0, 3;
    %store/vec4 v0000000001186d90_0, 0, 3;
    %jmp T_35.9;
T_35.0 ;
    %load/vec4 v0000000001187150_0;
    %load/vec4 v00000000011861b0_0;
    %pushi/vec4 0, 0, 2;
    %cmp/e;
    %flag_get/vec4 4;
    %and;
    %load/vec4 v00000000011862f0_0;
    %and;
    %flag_set/vec4 8;
    %load/vec4 v0000000001187150_0;
    %load/vec4 v00000000011861b0_0;
    %pushi/vec4 1, 0, 2;
    %cmp/e;
    %flag_get/vec4 4;
    %and;
    %load/vec4 v0000000001186cf0_0;
    %and;
    %flag_set/vec4 9;
    %flag_or 9, 8;
    %load/vec4 v0000000001187150_0;
    %load/vec4 v00000000011861b0_0;
    %pushi/vec4 2, 0, 2;
    %cmp/e;
    %flag_get/vec4 4;
    %and;
    %load/vec4 v0000000001186250_0;
    %and;
    %flag_set/vec4 8;
    %flag_or 8, 9;
    %jmp/0xz  T_35.10, 8;
    %pushi/vec4 1, 0, 3;
    %store/vec4 v0000000001186d90_0, 0, 3;
    %jmp T_35.11;
T_35.10 ;
    %load/vec4 v0000000001187150_0;
    %load/vec4 v00000000011861b0_0;
    %pushi/vec4 0, 0, 2;
    %cmp/e;
    %flag_get/vec4 4;
    %and;
    %load/vec4 v00000000011862f0_0;
    %inv;
    %and;
    %flag_set/vec4 8;
    %load/vec4 v0000000001187150_0;
    %load/vec4 v00000000011861b0_0;
    %pushi/vec4 1, 0, 2;
    %cmp/e;
    %flag_get/vec4 4;
    %and;
    %load/vec4 v0000000001186cf0_0;
    %inv;
    %and;
    %flag_set/vec4 9;
    %flag_or 9, 8;
    %load/vec4 v0000000001187150_0;
    %load/vec4 v00000000011861b0_0;
    %pushi/vec4 2, 0, 2;
    %cmp/e;
    %flag_get/vec4 4;
    %and;
    %load/vec4 v0000000001186250_0;
    %inv;
    %and;
    %flag_set/vec4 8;
    %flag_or 8, 9;
    %jmp/0xz  T_35.12, 8;
    %pushi/vec4 3, 0, 3;
    %store/vec4 v0000000001186d90_0, 0, 3;
    %jmp T_35.13;
T_35.12 ;
    %pushi/vec4 0, 0, 3;
    %store/vec4 v0000000001186d90_0, 0, 3;
T_35.13 ;
T_35.11 ;
    %jmp T_35.9;
T_35.1 ;
    %pushi/vec4 2, 0, 3;
    %store/vec4 v0000000001186d90_0, 0, 3;
    %jmp T_35.9;
T_35.2 ;
    %load/vec4 v00000000011864d0_0;
    %flag_set/vec4 8;
    %jmp/0xz  T_35.14, 8;
    %pushi/vec4 6, 0, 3;
    %store/vec4 v0000000001186d90_0, 0, 3;
    %jmp T_35.15;
T_35.14 ;
    %load/vec4 v00000000011864d0_0;
    %nor/r;
    %load/vec4 v0000000001187150_0;
    %nor/r;
    %and;
    %flag_set/vec4 8;
    %jmp/0xz  T_35.16, 8;
    %pushi/vec4 5, 0, 3;
    %store/vec4 v0000000001186d90_0, 0, 3;
    %jmp T_35.17;
T_35.16 ;
    %pushi/vec4 2, 0, 3;
    %store/vec4 v0000000001186d90_0, 0, 3;
T_35.17 ;
T_35.15 ;
    %jmp T_35.9;
T_35.3 ;
    %load/vec4 v00000000011862f0_0;
    %nor/r;
    %flag_set/vec4 8;
    %load/vec4 v0000000001186cf0_0;
    %nor/r;
    %flag_set/vec4 9;
    %flag_or 9, 8;
    %load/vec4 v0000000001186250_0;
    %nor/r;
    %flag_set/vec4 8;
    %flag_or 8, 9;
    %jmp/0xz  T_35.18, 8;
    %pushi/vec4 3, 0, 3;
    %store/vec4 v0000000001186d90_0, 0, 3;
    %jmp T_35.19;
T_35.18 ;
    %load/vec4 v00000000011862f0_0;
    %flag_set/vec4 8;
    %load/vec4 v0000000001186cf0_0;
    %flag_set/vec4 9;
    %flag_or 9, 8;
    %load/vec4 v0000000001186250_0;
    %flag_set/vec4 8;
    %flag_or 8, 9;
    %jmp/0xz  T_35.20, 8;
    %pushi/vec4 1, 0, 3;
    %store/vec4 v0000000001186d90_0, 0, 3;
    %jmp T_35.21;
T_35.20 ;
    %pushi/vec4 3, 0, 3;
    %store/vec4 v0000000001186d90_0, 0, 3;
T_35.21 ;
T_35.19 ;
    %jmp T_35.9;
T_35.4 ;
    %load/vec4 v00000000011864d0_0;
    %flag_set/vec4 8;
    %jmp/0xz  T_35.22, 8;
    %pushi/vec4 6, 0, 3;
    %store/vec4 v0000000001186d90_0, 0, 3;
    %jmp T_35.23;
T_35.22 ;
    %pushi/vec4 0, 0, 3;
    %store/vec4 v0000000001186d90_0, 0, 3;
T_35.23 ;
    %jmp T_35.9;
T_35.5 ;
    %pushi/vec4 4, 0, 3;
    %store/vec4 v0000000001186d90_0, 0, 3;
    %jmp T_35.9;
T_35.6 ;
    %load/vec4 v00000000011864d0_0;
    %nor/r;
    %flag_set/vec4 8;
    %jmp/0xz  T_35.24, 8;
    %pushi/vec4 7, 0, 3;
    %store/vec4 v0000000001186d90_0, 0, 3;
    %jmp T_35.25;
T_35.24 ;
    %load/vec4 v00000000011864d0_0;
    %flag_set/vec4 8;
    %jmp/0xz  T_35.26, 8;
    %pushi/vec4 6, 0, 3;
    %store/vec4 v0000000001186d90_0, 0, 3;
T_35.26 ;
T_35.25 ;
    %jmp T_35.9;
T_35.7 ;
    %load/vec4 v00000000011870b0_0;
    %nor/r;
    %load/vec4 v0000000001187650_0;
    %nor/r;
    %and;
    %flag_set/vec4 8;
    %jmp/0xz  T_35.28, 8;
    %pushi/vec4 2, 0, 3;
    %store/vec4 v0000000001186d90_0, 0, 3;
    %jmp T_35.29;
T_35.28 ;
    %load/vec4 v00000000011870b0_0;
    %nor/r;
    %load/vec4 v0000000001187650_0;
    %and;
    %flag_set/vec4 8;
    %jmp/0xz  T_35.30, 8;
    %pushi/vec4 5, 0, 3;
    %store/vec4 v0000000001186d90_0, 0, 3;
    %jmp T_35.31;
T_35.30 ;
    %load/vec4 v00000000011870b0_0;
    %flag_set/vec4 8;
    %jmp/0xz  T_35.32, 8;
    %pushi/vec4 0, 0, 3;
    %store/vec4 v0000000001186d90_0, 0, 3;
T_35.32 ;
T_35.31 ;
T_35.29 ;
    %jmp T_35.9;
T_35.9 ;
    %pop/vec4 1;
    %jmp T_35;
    .thread T_35, $push;
    .scope S_000000000095ebd0;
T_36 ;
    %pushi/vec4 1, 0, 1;
    %store/vec4 v000000000118ff20_0, 0, 1;
T_36.0 ;
    %delay 5000, 0;
    %load/vec4 v000000000118ff20_0;
    %inv;
    %store/vec4 v000000000118ff20_0, 0, 1;
    %jmp T_36.0;
    %end;
    .thread T_36;
    .scope S_000000000095ebd0;
T_37 ;
    %fork TD_router_top_tb.initialize, S_0000000000872aa0;
    %join;
    %fork TD_router_top_tb.reset, S_0000000001190950;
    %join;
    %delay 10000, 0;
    %fork TD_router_top_tb.pktm_gen_5, S_00000000011907c0;
    %join;
    %delay 100000, 0;
    %fork TD_router_top_tb.pktm_gen_14, S_000000000118e490;
    %join;
    %delay 100000, 0;
    %fork TD_router_top_tb.pktm_gen_16, S_000000000118e620;
    %join;
    %delay 700000, 0;
    %vpi_call 2 201 "$finish" {0 0 0};
    %end;
    .thread T_37;
    .scope S_000000000095ebd0;
T_38 ;
    %vpi_call 2 206 "$dumpfile", "router_top_tb.vcd" {0 0 0};
    %vpi_call 2 207 "$dumpvars" {0 0 0};
    %end;
    .thread T_38;
# The file index is used to find the file name in the following table.
:file_names 8;
    "N/A";
    "<interactive>";
    "router_top_tb.v";
    "./router_top.v";
    "./router_fifo.v";
    "./router_fsm.v";
    "./router_reg.v";
    "./router_sync.v";
